<?xml version="1.0" encoding="UTF-8"?>
<testsuite xmlns:xsi="http://www.w3.org/2001/XMLSchema-instance" xsi:noNamespaceSchemaLocation="https://maven.apache.org/surefire/maven-surefire-plugin/xsd/surefire-test-report.xsd" name="utc.edu.atc2.Atc2ApplicationTests" time="4.87" tests="1" errors="1" skipped="0" failures="0">
  <properties>
    <property name="java.specification.version" value="16"/>
    <property name="sun.jnu.encoding" value="UTF-8"/>
    <property name="java.class.path" value="/Users/jacobcoleman/git/ATC2/target/test-classes:/Users/jacobcoleman/git/ATC2/target/classes:/Users/jacobcoleman/.m2/repository/org/springframework/boot/spring-boot-starter-actuator/2.5.2/spring-boot-starter-actuator-2.5.2.jar:/Users/jacobcoleman/.m2/repository/org/springframework/boot/spring-boot-starter/2.5.2/spring-boot-starter-2.5.2.jar:/Users/jacobcoleman/.m2/repository/org/springframework/boot/spring-boot/2.5.2/spring-boot-2.5.2.jar:/Users/jacobcoleman/.m2/repository/org/springframework/boot/spring-boot-autoconfigure/2.5.2/spring-boot-autoconfigure-2.5.2.jar:/Users/jacobcoleman/.m2/repository/org/springframework/boot/spring-boot-starter-logging/2.5.2/spring-boot-starter-logging-2.5.2.jar:/Users/jacobcoleman/.m2/repository/ch/qos/logback/logback-classic/1.2.3/logback-classic-1.2.3.jar:/Users/jacobcoleman/.m2/repository/ch/qos/logback/logback-core/1.2.3/logback-core-1.2.3.jar:/Users/jacobcoleman/.m2/repository/org/apache/logging/log4j/log4j-to-slf4j/2.14.1/log4j-to-slf4j-2.14.1.jar:/Users/jacobcoleman/.m2/repository/org/apache/logging/log4j/log4j-api/2.14.1/log4j-api-2.14.1.jar:/Users/jacobcoleman/.m2/repository/org/slf4j/jul-to-slf4j/1.7.31/jul-to-slf4j-1.7.31.jar:/Users/jacobcoleman/.m2/repository/jakarta/annotation/jakarta.annotation-api/1.3.5/jakarta.annotation-api-1.3.5.jar:/Users/jacobcoleman/.m2/repository/org/yaml/snakeyaml/1.28/snakeyaml-1.28.jar:/Users/jacobcoleman/.m2/repository/org/springframework/boot/spring-boot-actuator-autoconfigure/2.5.2/spring-boot-actuator-autoconfigure-2.5.2.jar:/Users/jacobcoleman/.m2/repository/org/springframework/boot/spring-boot-actuator/2.5.2/spring-boot-actuator-2.5.2.jar:/Users/jacobcoleman/.m2/repository/com/fasterxml/jackson/core/jackson-databind/2.12.3/jackson-databind-2.12.3.jar:/Users/jacobcoleman/.m2/repository/com/fasterxml/jackson/core/jackson-annotations/2.12.3/jackson-annotations-2.12.3.jar:/Users/jacobcoleman/.m2/repository/com/fasterxml/jackson/datatype/jackson-datatype-jsr310/2.12.3/jackson-datatype-jsr310-2.12.3.jar:/Users/jacobcoleman/.m2/repository/io/micrometer/micrometer-core/1.7.1/micrometer-core-1.7.1.jar:/Users/jacobcoleman/.m2/repository/org/hdrhistogram/HdrHistogram/2.1.12/HdrHistogram-2.1.12.jar:/Users/jacobcoleman/.m2/repository/org/latencyutils/LatencyUtils/2.0.3/LatencyUtils-2.0.3.jar:/Users/jacobcoleman/.m2/repository/org/springframework/boot/spring-boot-starter-batch/2.5.2/spring-boot-starter-batch-2.5.2.jar:/Users/jacobcoleman/.m2/repository/org/springframework/boot/spring-boot-starter-jdbc/2.5.2/spring-boot-starter-jdbc-2.5.2.jar:/Users/jacobcoleman/.m2/repository/com/zaxxer/HikariCP/4.0.3/HikariCP-4.0.3.jar:/Users/jacobcoleman/.m2/repository/org/springframework/batch/spring-batch-core/4.3.3/spring-batch-core-4.3.3.jar:/Users/jacobcoleman/.m2/repository/javax/batch/javax.batch-api/1.0/javax.batch-api-1.0.jar:/Users/jacobcoleman/.m2/repository/org/codehaus/jettison/jettison/1.2/jettison-1.2.jar:/Users/jacobcoleman/.m2/repository/org/springframework/batch/spring-batch-infrastructure/4.3.3/spring-batch-infrastructure-4.3.3.jar:/Users/jacobcoleman/.m2/repository/org/springframework/spring-tx/5.3.8/spring-tx-5.3.8.jar:/Users/jacobcoleman/.m2/repository/org/springframework/boot/spring-boot-starter-cache/2.5.2/spring-boot-starter-cache-2.5.2.jar:/Users/jacobcoleman/.m2/repository/org/springframework/spring-context-support/5.3.8/spring-context-support-5.3.8.jar:/Users/jacobcoleman/.m2/repository/org/springframework/boot/spring-boot-starter-data-jdbc/2.5.2/spring-boot-starter-data-jdbc-2.5.2.jar:/Users/jacobcoleman/.m2/repository/org/springframework/data/spring-data-jdbc/2.2.2/spring-data-jdbc-2.2.2.jar:/Users/jacobcoleman/.m2/repository/org/springframework/data/spring-data-relational/2.2.2/spring-data-relational-2.2.2.jar:/Users/jacobcoleman/.m2/repository/org/springframework/data/spring-data-commons/2.5.2/spring-data-commons-2.5.2.jar:/Users/jacobcoleman/.m2/repository/org/slf4j/slf4j-api/1.7.31/slf4j-api-1.7.31.jar:/Users/jacobcoleman/.m2/repository/org/springframework/boot/spring-boot-starter-data-jpa/2.5.2/spring-boot-starter-data-jpa-2.5.2.jar:/Users/jacobcoleman/.m2/repository/org/springframework/boot/spring-boot-starter-aop/2.5.2/spring-boot-starter-aop-2.5.2.jar:/Users/jacobcoleman/.m2/repository/org/aspectj/aspectjweaver/1.9.6/aspectjweaver-1.9.6.jar:/Users/jacobcoleman/.m2/repository/jakarta/transaction/jakarta.transaction-api/1.3.3/jakarta.transaction-api-1.3.3.jar:/Users/jacobcoleman/.m2/repository/jakarta/persistence/jakarta.persistence-api/2.2.3/jakarta.persistence-api-2.2.3.jar:/Users/jacobcoleman/.m2/repository/org/hibernate/hibernate-core/5.4.32.Final/hibernate-core-5.4.32.Final.jar:/Users/jacobcoleman/.m2/repository/org/jboss/logging/jboss-logging/3.4.2.Final/jboss-logging-3.4.2.Final.jar:/Users/jacobcoleman/.m2/repository/org/javassist/javassist/3.27.0-GA/javassist-3.27.0-GA.jar:/Users/jacobcoleman/.m2/repository/net/bytebuddy/byte-buddy/1.10.22/byte-buddy-1.10.22.jar:/Users/jacobcoleman/.m2/repository/antlr/antlr/2.7.7/antlr-2.7.7.jar:/Users/jacobcoleman/.m2/repository/org/jboss/jandex/2.2.3.Final/jandex-2.2.3.Final.jar:/Users/jacobcoleman/.m2/repository/com/fasterxml/classmate/1.5.1/classmate-1.5.1.jar:/Users/jacobcoleman/.m2/repository/org/dom4j/dom4j/2.1.3/dom4j-2.1.3.jar:/Users/jacobcoleman/.m2/repository/org/hibernate/common/hibernate-commons-annotations/5.1.2.Final/hibernate-commons-annotations-5.1.2.Final.jar:/Users/jacobcoleman/.m2/repository/org/glassfish/jaxb/jaxb-runtime/2.3.4/jaxb-runtime-2.3.4.jar:/Users/jacobcoleman/.m2/repository/org/glassfish/jaxb/txw2/2.3.4/txw2-2.3.4.jar:/Users/jacobcoleman/.m2/repository/com/sun/istack/istack-commons-runtime/3.0.12/istack-commons-runtime-3.0.12.jar:/Users/jacobcoleman/.m2/repository/org/springframework/data/spring-data-jpa/2.5.2/spring-data-jpa-2.5.2.jar:/Users/jacobcoleman/.m2/repository/org/springframework/spring-aspects/5.3.8/spring-aspects-5.3.8.jar:/Users/jacobcoleman/.m2/repository/org/springframework/boot/spring-boot-starter-integration/2.5.2/spring-boot-starter-integration-2.5.2.jar:/Users/jacobcoleman/.m2/repository/org/springframework/integration/spring-integration-core/5.5.1/spring-integration-core-5.5.1.jar:/Users/jacobcoleman/.m2/repository/org/springframework/boot/spring-boot-starter-mail/2.5.2/spring-boot-starter-mail-2.5.2.jar:/Users/jacobcoleman/.m2/repository/com/sun/mail/jakarta.mail/1.6.7/jakarta.mail-1.6.7.jar:/Users/jacobcoleman/.m2/repository/com/sun/activation/jakarta.activation/1.2.2/jakarta.activation-1.2.2.jar:/Users/jacobcoleman/.m2/repository/org/springframework/boot/spring-boot-starter-oauth2-client/2.5.2/spring-boot-starter-oauth2-client-2.5.2.jar:/Users/jacobcoleman/.m2/repository/org/springframework/security/spring-security-config/5.5.1/spring-security-config-5.5.1.jar:/Users/jacobcoleman/.m2/repository/org/springframework/security/spring-security-core/5.5.1/spring-security-core-5.5.1.jar:/Users/jacobcoleman/.m2/repository/org/springframework/security/spring-security-crypto/5.5.1/spring-security-crypto-5.5.1.jar:/Users/jacobcoleman/.m2/repository/org/springframework/security/spring-security-oauth2-client/5.5.1/spring-security-oauth2-client-5.5.1.jar:/Users/jacobcoleman/.m2/repository/org/springframework/security/spring-security-oauth2-core/5.5.1/spring-security-oauth2-core-5.5.1.jar:/Users/jacobcoleman/.m2/repository/com/nimbusds/oauth2-oidc-sdk/9.9/oauth2-oidc-sdk-9.9.jar:/Users/jacobcoleman/.m2/repository/com/github/stephenc/jcip/jcip-annotations/1.0-1/jcip-annotations-1.0-1.jar:/Users/jacobcoleman/.m2/repository/com/nimbusds/content-type/2.1/content-type-2.1.jar:/Users/jacobcoleman/.m2/repository/com/nimbusds/lang-tag/1.5/lang-tag-1.5.jar:/Users/jacobcoleman/.m2/repository/org/springframework/security/spring-security-oauth2-jose/5.5.1/spring-security-oauth2-jose-5.5.1.jar:/Users/jacobcoleman/.m2/repository/com/nimbusds/nimbus-jose-jwt/9.10/nimbus-jose-jwt-9.10.jar:/Users/jacobcoleman/.m2/repository/org/springframework/boot/spring-boot-starter-rsocket/2.5.2/spring-boot-starter-rsocket-2.5.2.jar:/Users/jacobcoleman/.m2/repository/org/springframework/boot/spring-boot-starter-json/2.5.2/spring-boot-starter-json-2.5.2.jar:/Users/jacobcoleman/.m2/repository/org/springframework/spring-web/5.3.8/spring-web-5.3.8.jar:/Users/jacobcoleman/.m2/repository/com/fasterxml/jackson/datatype/jackson-datatype-jdk8/2.12.3/jackson-datatype-jdk8-2.12.3.jar:/Users/jacobcoleman/.m2/repository/com/fasterxml/jackson/module/jackson-module-parameter-names/2.12.3/jackson-module-parameter-names-2.12.3.jar:/Users/jacobcoleman/.m2/repository/org/springframework/boot/spring-boot-starter-reactor-netty/2.5.2/spring-boot-starter-reactor-netty-2.5.2.jar:/Users/jacobcoleman/.m2/repository/io/projectreactor/netty/reactor-netty-http/1.0.8/reactor-netty-http-1.0.8.jar:/Users/jacobcoleman/.m2/repository/io/netty/netty-codec-http/4.1.65.Final/netty-codec-http-4.1.65.Final.jar:/Users/jacobcoleman/.m2/repository/io/netty/netty-transport/4.1.65.Final/netty-transport-4.1.65.Final.jar:/Users/jacobcoleman/.m2/repository/io/netty/netty-codec/4.1.65.Final/netty-codec-4.1.65.Final.jar:/Users/jacobcoleman/.m2/repository/io/netty/netty-codec-http2/4.1.65.Final/netty-codec-http2-4.1.65.Final.jar:/Users/jacobcoleman/.m2/repository/io/netty/netty-resolver-dns/4.1.65.Final/netty-resolver-dns-4.1.65.Final.jar:/Users/jacobcoleman/.m2/repository/io/netty/netty-resolver/4.1.65.Final/netty-resolver-4.1.65.Final.jar:/Users/jacobcoleman/.m2/repository/io/netty/netty-codec-dns/4.1.65.Final/netty-codec-dns-4.1.65.Final.jar:/Users/jacobcoleman/.m2/repository/io/netty/netty-resolver-dns-native-macos/4.1.65.Final/netty-resolver-dns-native-macos-4.1.65.Final-osx-x86_64.jar:/Users/jacobcoleman/.m2/repository/io/netty/netty-transport-native-unix-common/4.1.65.Final/netty-transport-native-unix-common-4.1.65.Final.jar:/Users/jacobcoleman/.m2/repository/io/netty/netty-transport-native-epoll/4.1.65.Final/netty-transport-native-epoll-4.1.65.Final-linux-x86_64.jar:/Users/jacobcoleman/.m2/repository/com/fasterxml/jackson/dataformat/jackson-dataformat-cbor/2.12.3/jackson-dataformat-cbor-2.12.3.jar:/Users/jacobcoleman/.m2/repository/com/fasterxml/jackson/core/jackson-core/2.12.3/jackson-core-2.12.3.jar:/Users/jacobcoleman/.m2/repository/io/rsocket/rsocket-core/1.1.1/rsocket-core-1.1.1.jar:/Users/jacobcoleman/.m2/repository/io/netty/netty-buffer/4.1.65.Final/netty-buffer-4.1.65.Final.jar:/Users/jacobcoleman/.m2/repository/io/netty/netty-common/4.1.65.Final/netty-common-4.1.65.Final.jar:/Users/jacobcoleman/.m2/repository/io/rsocket/rsocket-transport-netty/1.1.1/rsocket-transport-netty-1.1.1.jar:/Users/jacobcoleman/.m2/repository/io/projectreactor/netty/reactor-netty-core/1.0.8/reactor-netty-core-1.0.8.jar:/Users/jacobcoleman/.m2/repository/io/netty/netty-handler/4.1.65.Final/netty-handler-4.1.65.Final.jar:/Users/jacobcoleman/.m2/repository/io/netty/netty-handler-proxy/4.1.65.Final/netty-handler-proxy-4.1.65.Final.jar:/Users/jacobcoleman/.m2/repository/io/netty/netty-codec-socks/4.1.65.Final/netty-codec-socks-4.1.65.Final.jar:/Users/jacobcoleman/.m2/repository/org/springframework/spring-messaging/5.3.8/spring-messaging-5.3.8.jar:/Users/jacobcoleman/.m2/repository/org/springframework/boot/spring-boot-starter-security/2.5.2/spring-boot-starter-security-2.5.2.jar:/Users/jacobcoleman/.m2/repository/org/springframework/spring-aop/5.3.8/spring-aop-5.3.8.jar:/Users/jacobcoleman/.m2/repository/org/springframework/security/spring-security-web/5.5.1/spring-security-web-5.5.1.jar:/Users/jacobcoleman/.m2/repository/org/springframework/boot/spring-boot-starter-validation/2.5.2/spring-boot-starter-validation-2.5.2.jar:/Users/jacobcoleman/.m2/repository/org/apache/tomcat/embed/tomcat-embed-el/9.0.48/tomcat-embed-el-9.0.48.jar:/Users/jacobcoleman/.m2/repository/org/hibernate/validator/hibernate-validator/6.2.0.Final/hibernate-validator-6.2.0.Final.jar:/Users/jacobcoleman/.m2/repository/jakarta/validation/jakarta.validation-api/2.0.2/jakarta.validation-api-2.0.2.jar:/Users/jacobcoleman/.m2/repository/org/springframework/boot/spring-boot-starter-web-services/2.5.2/spring-boot-starter-web-services-2.5.2.jar:/Users/jacobcoleman/.m2/repository/org/springframework/boot/spring-boot-starter-web/2.5.2/spring-boot-starter-web-2.5.2.jar:/Users/jacobcoleman/.m2/repository/org/springframework/boot/spring-boot-starter-tomcat/2.5.2/spring-boot-starter-tomcat-2.5.2.jar:/Users/jacobcoleman/.m2/repository/org/apache/tomcat/embed/tomcat-embed-core/9.0.48/tomcat-embed-core-9.0.48.jar:/Users/jacobcoleman/.m2/repository/org/apache/tomcat/embed/tomcat-embed-websocket/9.0.48/tomcat-embed-websocket-9.0.48.jar:/Users/jacobcoleman/.m2/repository/com/sun/xml/messaging/saaj/saaj-impl/1.5.3/saaj-impl-1.5.3.jar:/Users/jacobcoleman/.m2/repository/jakarta/xml/soap/jakarta.xml.soap-api/1.4.2/jakarta.xml.soap-api-1.4.2.jar:/Users/jacobcoleman/.m2/repository/org/jvnet/staxex/stax-ex/1.8.3/stax-ex-1.8.3.jar:/Users/jacobcoleman/.m2/repository/jakarta/xml/ws/jakarta.xml.ws-api/2.3.3/jakarta.xml.ws-api-2.3.3.jar:/Users/jacobcoleman/.m2/repository/jakarta/jws/jakarta.jws-api/2.1.0/jakarta.jws-api-2.1.0.jar:/Users/jacobcoleman/.m2/repository/org/springframework/spring-oxm/5.3.8/spring-oxm-5.3.8.jar:/Users/jacobcoleman/.m2/repository/org/springframework/ws/spring-ws-core/3.1.1/spring-ws-core-3.1.1.jar:/Users/jacobcoleman/.m2/repository/org/springframework/ws/spring-xml/3.1.1/spring-xml-3.1.1.jar:/Users/jacobcoleman/.m2/repository/org/springframework/boot/spring-boot-starter-websocket/2.5.2/spring-boot-starter-websocket-2.5.2.jar:/Users/jacobcoleman/.m2/repository/org/springframework/spring-websocket/5.3.8/spring-websocket-5.3.8.jar:/Users/jacobcoleman/.m2/repository/com/vaadin/vaadin-spring-boot-starter/14.6.4/vaadin-spring-boot-starter-14.6.4.jar:/Users/jacobcoleman/.m2/repository/com/vaadin/vaadin-spring/12.4.0/vaadin-spring-12.4.0.jar:/Users/jacobcoleman/.m2/repository/com/vaadin/flow-server/2.6.4/flow-server-2.6.4.jar:/Users/jacobcoleman/.m2/repository/com/vaadin/external/gwt/gwt-elemental/2.8.2.vaadin2/gwt-elemental-2.8.2.vaadin2.jar:/Users/jacobcoleman/.m2/repository/commons-fileupload/commons-fileupload/1.3.3/commons-fileupload-1.3.3.jar:/Users/jacobcoleman/.m2/repository/commons-io/commons-io/2.8.0/commons-io-2.8.0.jar:/Users/jacobcoleman/.m2/repository/org/jsoup/jsoup/1.12.1/jsoup-1.12.1.jar:/Users/jacobcoleman/.m2/repository/com/helger/ph-css/6.1.1/ph-css-6.1.1.jar:/Users/jacobcoleman/.m2/repository/com/helger/ph-commons/9.1.2/ph-commons-9.1.2.jar:/Users/jacobcoleman/.m2/repository/com/vaadin/external/gentyref/1.2.0.vaadin1/gentyref-1.2.0.vaadin1.jar:/Users/jacobcoleman/.m2/repository/org/apache/commons/commons-compress/1.19/commons-compress-1.19.jar:/Users/jacobcoleman/.m2/repository/com/vaadin/flow-push/2.6.4/flow-push-2.6.4.jar:/Users/jacobcoleman/.m2/repository/com/vaadin/external/atmosphere/atmosphere-runtime/2.4.30.slf4jvaadin1/atmosphere-runtime-2.4.30.slf4jvaadin1.jar:/Users/jacobcoleman/.m2/repository/com/vaadin/flow-client/2.6.4/flow-client-2.6.4.jar:/Users/jacobcoleman/.m2/repository/com/vaadin/vaadin-core/14.6.4/vaadin-core-14.6.4.jar:/Users/jacobcoleman/.m2/repository/com/vaadin/flow-lit-template/2.6.4/flow-lit-template-2.6.4.jar:/Users/jacobcoleman/.m2/repository/com/vaadin/flow-html-components/2.6.4/flow-html-components-2.6.4.jar:/Users/jacobcoleman/.m2/repository/com/vaadin/flow-data/2.6.4/flow-data-2.6.4.jar:/Users/jacobcoleman/.m2/repository/javax/validation/validation-api/2.0.1.Final/validation-api-2.0.1.Final.jar:/Users/jacobcoleman/.m2/repository/com/vaadin/flow-dnd/2.6.4/flow-dnd-2.6.4.jar:/Users/jacobcoleman/.m2/repository/org/webjars/npm/vaadin__vaadin-mobile-drag-drop/1.0.0/vaadin__vaadin-mobile-drag-drop-1.0.0.jar:/Users/jacobcoleman/.m2/repository/org/webjars/npm/mobile-drag-drop/2.3.0-rc.1/mobile-drag-drop-2.3.0-rc.1.jar:/Users/jacobcoleman/.m2/repository/com/vaadin/vaadin-lumo-theme/2.6.4/vaadin-lumo-theme-2.6.4.jar:/Users/jacobcoleman/.m2/repository/org/webjars/bowergithub/vaadin/vaadin-lumo-styles/1.6.1/vaadin-lumo-styles-1.6.1.jar:/Users/jacobcoleman/.m2/repository/org/webjars/bowergithub/polymerelements/iron-icon/2.1.0/iron-icon-2.1.0.jar:/Users/jacobcoleman/.m2/repository/org/webjars/bowergithub/polymerelements/iron-meta/2.1.1/iron-meta-2.1.1.jar:/Users/jacobcoleman/.m2/repository/org/webjars/bowergithub/polymerelements/iron-iconset-svg/2.2.1/iron-iconset-svg-2.2.1.jar:/Users/jacobcoleman/.m2/repository/org/webjars/bowergithub/polymerelements/iron-flex-layout/2.0.3/iron-flex-layout-2.0.3.jar:/Users/jacobcoleman/.m2/repository/org/webjars/bowergithub/polymer/polymer/2.7.0/polymer-2.7.0.jar:/Users/jacobcoleman/.m2/repository/org/webjars/bowergithub/webcomponents/shadycss/1.8.0/shadycss-1.8.0.jar:/Users/jacobcoleman/.m2/repository/com/vaadin/vaadin-material-theme/2.6.4/vaadin-material-theme-2.6.4.jar:/Users/jacobcoleman/.m2/repository/org/webjars/bowergithub/vaadin/vaadin-material-styles/1.3.2/vaadin-material-styles-1.3.2.jar:/Users/jacobcoleman/.m2/repository/com/vaadin/vaadin-accordion-flow/14.6.4/vaadin-accordion-flow-14.6.4.jar:/Users/jacobcoleman/.m2/repository/org/webjars/bowergithub/vaadin/vaadin-accordion/1.2.0/vaadin-accordion-1.2.0.jar:/Users/jacobcoleman/.m2/repository/org/webjars/bowergithub/vaadin/vaadin-themable-mixin/1.6.2/vaadin-themable-mixin-1.6.2.jar:/Users/jacobcoleman/.m2/repository/org/webjars/bowergithub/webcomponents/webcomponentsjs/1.2.6/webcomponentsjs-1.2.6.jar:/Users/jacobcoleman/.m2/repository/org/webjars/bowergithub/vaadin/vaadin-element-mixin/2.4.2/vaadin-element-mixin-2.4.2.jar:/Users/jacobcoleman/.m2/repository/org/webjars/bowergithub/vaadin/vaadin-usage-statistics/2.1.0/vaadin-usage-statistics-2.1.0.jar:/Users/jacobcoleman/.m2/repository/org/webjars/bowergithub/vaadin/vaadin-development-mode-detector/2.0.4/vaadin-development-mode-detector-2.0.4.jar:/Users/jacobcoleman/.m2/repository/com/vaadin/vaadin-avatar-flow/14.6.4/vaadin-avatar-flow-14.6.4.jar:/Users/jacobcoleman/.m2/repository/org/webjars/bowergithub/vaadin/vaadin-avatar/1.0.4/vaadin-avatar-1.0.4.jar:/Users/jacobcoleman/.m2/repository/org/webjars/bowergithub/polymerelements/iron-a11y-announcer/2.1.0/iron-a11y-announcer-2.1.0.jar:/Users/jacobcoleman/.m2/repository/org/webjars/bowergithub/polymerelements/iron-resizable-behavior/2.1.1/iron-resizable-behavior-2.1.1.jar:/Users/jacobcoleman/.m2/repository/org/webjars/bowergithub/vaadin/vaadin-list-box/1.4.0/vaadin-list-box-1.4.0.jar:/Users/jacobcoleman/.m2/repository/org/webjars/bowergithub/vaadin/vaadin-list-mixin/2.5.1/vaadin-list-mixin-2.5.1.jar:/Users/jacobcoleman/.m2/repository/org/webjars/bowergithub/vaadin/vaadin-item/2.3.0/vaadin-item-2.3.0.jar:/Users/jacobcoleman/.m2/repository/org/webjars/bowergithub/vaadin/vaadin-overlay/3.5.1/vaadin-overlay-3.5.1.jar:/Users/jacobcoleman/.m2/repository/org/webjars/bowergithub/vaadin/vaadin-control-state-mixin/2.2.4/vaadin-control-state-mixin-2.2.4.jar:/Users/jacobcoleman/.m2/repository/com/vaadin/vaadin-button-flow/14.6.4/vaadin-button-flow-14.6.4.jar:/Users/jacobcoleman/.m2/repository/org/webjars/bowergithub/vaadin/vaadin-button/2.4.0/vaadin-button-2.4.0.jar:/Users/jacobcoleman/.m2/repository/com/vaadin/vaadin-checkbox-flow/14.6.4/vaadin-checkbox-flow-14.6.4.jar:/Users/jacobcoleman/.m2/repository/org/webjars/bowergithub/vaadin/vaadin-checkbox/2.5.0/vaadin-checkbox-2.5.0.jar:/Users/jacobcoleman/.m2/repository/com/vaadin/vaadin-combo-box-flow/14.6.4/vaadin-combo-box-flow-14.6.4.jar:/Users/jacobcoleman/.m2/repository/org/webjars/bowergithub/vaadin/vaadin-combo-box/5.4.7/vaadin-combo-box-5.4.7.jar:/Users/jacobcoleman/.m2/repository/org/webjars/bowergithub/vaadin/vaadin-text-field/2.8.4/vaadin-text-field-2.8.4.jar:/Users/jacobcoleman/.m2/repository/org/webjars/bowergithub/polymerelements/iron-list/2.0.20/iron-list-2.0.20.jar:/Users/jacobcoleman/.m2/repository/org/webjars/bowergithub/polymerelements/iron-scroll-target-behavior/2.1.1/iron-scroll-target-behavior-2.1.1.jar:/Users/jacobcoleman/.m2/repository/org/webjars/bowergithub/polymerelements/iron-a11y-keys-behavior/2.1.1/iron-a11y-keys-behavior-2.1.1.jar:/Users/jacobcoleman/.m2/repository/org/webjars/bowergithub/polymerelements/iron-overlay-behavior/2.3.4/iron-overlay-behavior-2.3.4.jar:/Users/jacobcoleman/.m2/repository/org/webjars/bowergithub/polymerelements/iron-fit-behavior/2.2.1/iron-fit-behavior-2.2.1.jar:/Users/jacobcoleman/.m2/repository/com/vaadin/vaadin-custom-field-flow/14.6.4/vaadin-custom-field-flow-14.6.4.jar:/Users/jacobcoleman/.m2/repository/org/webjars/bowergithub/vaadin/vaadin-custom-field/1.3.0/vaadin-custom-field-1.3.0.jar:/Users/jacobcoleman/.m2/repository/com/vaadin/vaadin-date-picker-flow/14.6.4/vaadin-date-picker-flow-14.6.4.jar:/Users/jacobcoleman/.m2/repository/org/webjars/bowergithub/vaadin/vaadin-date-picker/4.4.1/vaadin-date-picker-4.4.1.jar:/Users/jacobcoleman/.m2/repository/org/webjars/bowergithub/polymerelements/iron-media-query/2.1.0/iron-media-query-2.1.0.jar:/Users/jacobcoleman/.m2/repository/com/vaadin/vaadin-date-time-picker-flow/14.6.4/vaadin-date-time-picker-flow-14.6.4.jar:/Users/jacobcoleman/.m2/repository/org/webjars/bowergithub/vaadin/vaadin-date-time-picker/1.4.0/vaadin-date-time-picker-1.4.0.jar:/Users/jacobcoleman/.m2/repository/org/webjars/bowergithub/vaadin/vaadin-time-picker/2.4.0/vaadin-time-picker-2.4.0.jar:/Users/jacobcoleman/.m2/repository/com/vaadin/vaadin-details-flow/14.6.4/vaadin-details-flow-14.6.4.jar:/Users/jacobcoleman/.m2/repository/org/webjars/bowergithub/vaadin/vaadin-details/1.2.0/vaadin-details-1.2.0.jar:/Users/jacobcoleman/.m2/repository/com/vaadin/vaadin-time-picker-flow/14.6.4/vaadin-time-picker-flow-14.6.4.jar:/Users/jacobcoleman/.m2/repository/com/vaadin/vaadin-select-flow/14.6.4/vaadin-select-flow-14.6.4.jar:/Users/jacobcoleman/.m2/repository/org/webjars/bowergithub/vaadin/vaadin-select/2.4.0/vaadin-select-2.4.0.jar:/Users/jacobcoleman/.m2/repository/com/vaadin/vaadin-dialog-flow/14.6.4/vaadin-dialog-flow-14.6.4.jar:/Users/jacobcoleman/.m2/repository/org/webjars/bowergithub/vaadin/vaadin-dialog/2.5.2/vaadin-dialog-2.5.2.jar:/Users/jacobcoleman/.m2/repository/com/vaadin/vaadin-form-layout-flow/14.6.4/vaadin-form-layout-flow-14.6.4.jar:/Users/jacobcoleman/.m2/repository/org/webjars/bowergithub/vaadin/vaadin-form-layout/2.3.0/vaadin-form-layout-2.3.0.jar:/Users/jacobcoleman/.m2/repository/com/vaadin/vaadin-grid-flow/14.6.4/vaadin-grid-flow-14.6.4.jar:/Users/jacobcoleman/.m2/repository/org/webjars/bowergithub/vaadin/vaadin-grid/5.7.13/vaadin-grid-5.7.13.jar:/Users/jacobcoleman/.m2/repository/org/apache/commons/commons-lang3/3.12.0/commons-lang3-3.12.0.jar:/Users/jacobcoleman/.m2/repository/com/vaadin/vaadin-icons-flow/14.6.4/vaadin-icons-flow-14.6.4.jar:/Users/jacobcoleman/.m2/repository/org/webjars/bowergithub/vaadin/vaadin-icons/4.3.2/vaadin-icons-4.3.2.jar:/Users/jacobcoleman/.m2/repository/com/vaadin/vaadin-iron-list-flow/14.6.4/vaadin-iron-list-flow-14.6.4.jar:/Users/jacobcoleman/.m2/repository/com/vaadin/vaadin-list-box-flow/14.6.4/vaadin-list-box-flow-14.6.4.jar:/Users/jacobcoleman/.m2/repository/com/vaadin/vaadin-login-flow/14.6.4/vaadin-login-flow-14.6.4.jar:/Users/jacobcoleman/.m2/repository/org/webjars/bowergithub/vaadin/vaadin-login/1.2.0/vaadin-login-1.2.0.jar:/Users/jacobcoleman/.m2/repository/com/vaadin/vaadin-ordered-layout-flow/14.6.4/vaadin-ordered-layout-flow-14.6.4.jar:/Users/jacobcoleman/.m2/repository/org/webjars/bowergithub/vaadin/vaadin-ordered-layout/1.4.0/vaadin-ordered-layout-1.4.0.jar:/Users/jacobcoleman/.m2/repository/com/vaadin/vaadin-progress-bar-flow/14.6.4/vaadin-progress-bar-flow-14.6.4.jar:/Users/jacobcoleman/.m2/repository/org/webjars/bowergithub/vaadin/vaadin-progress-bar/1.3.0/vaadin-progress-bar-1.3.0.jar:/Users/jacobcoleman/.m2/repository/com/vaadin/vaadin-radio-button-flow/14.6.4/vaadin-radio-button-flow-14.6.4.jar:/Users/jacobcoleman/.m2/repository/org/webjars/bowergithub/vaadin/vaadin-radio-button/1.5.1/vaadin-radio-button-1.5.1.jar:/Users/jacobcoleman/.m2/repository/com/vaadin/vaadin-split-layout-flow/14.6.4/vaadin-split-layout-flow-14.6.4.jar:/Users/jacobcoleman/.m2/repository/org/webjars/bowergithub/vaadin/vaadin-split-layout/4.3.0/vaadin-split-layout-4.3.0.jar:/Users/jacobcoleman/.m2/repository/com/vaadin/vaadin-tabs-flow/14.6.4/vaadin-tabs-flow-14.6.4.jar:/Users/jacobcoleman/.m2/repository/org/webjars/bowergithub/vaadin/vaadin-tabs/3.2.0/vaadin-tabs-3.2.0.jar:/Users/jacobcoleman/.m2/repository/com/vaadin/vaadin-text-field-flow/14.6.4/vaadin-text-field-flow-14.6.4.jar:/Users/jacobcoleman/.m2/repository/com/vaadin/vaadin-upload-flow/14.6.4/vaadin-upload-flow-14.6.4.jar:/Users/jacobcoleman/.m2/repository/org/webjars/bowergithub/vaadin/vaadin-upload/4.4.1/vaadin-upload-4.4.1.jar:/Users/jacobcoleman/.m2/repository/com/vaadin/vaadin-notification-flow/14.6.4/vaadin-notification-flow-14.6.4.jar:/Users/jacobcoleman/.m2/repository/org/webjars/bowergithub/vaadin/vaadin-notification/1.6.1/vaadin-notification-1.6.1.jar:/Users/jacobcoleman/.m2/repository/com/vaadin/vaadin-app-layout-flow/14.6.4/vaadin-app-layout-flow-14.6.4.jar:/Users/jacobcoleman/.m2/repository/org/webjars/bowergithub/vaadin/vaadin-app-layout/2.2.0/vaadin-app-layout-2.2.0.jar:/Users/jacobcoleman/.m2/repository/com/vaadin/vaadin-context-menu-flow/14.6.4/vaadin-context-menu-flow-14.6.4.jar:/Users/jacobcoleman/.m2/repository/org/webjars/bowergithub/vaadin/vaadin-context-menu/4.5.0/vaadin-context-menu-4.5.0.jar:/Users/jacobcoleman/.m2/repository/com/vaadin/vaadin-menu-bar-flow/14.6.4/vaadin-menu-bar-flow-14.6.4.jar:/Users/jacobcoleman/.m2/repository/org/webjars/bowergithub/vaadin/vaadin-menu-bar/1.2.2/vaadin-menu-bar-1.2.2.jar:/Users/jacobcoleman/.m2/repository/org/liquibase/liquibase-core/4.3.5/liquibase-core-4.3.5.jar:/Users/jacobcoleman/.m2/repository/javax/xml/bind/jaxb-api/2.3.1/jaxb-api-2.3.1.jar:/Users/jacobcoleman/.m2/repository/javax/activation/javax.activation-api/1.2.0/javax.activation-api-1.2.0.jar:/Users/jacobcoleman/.m2/repository/org/springframework/cloud/spring-cloud-bus/3.0.3/spring-cloud-bus-3.0.3.jar:/Users/jacobcoleman/.m2/repository/org/springframework/cloud/spring-cloud-starter/3.0.3/spring-cloud-starter-3.0.3.jar:/Users/jacobcoleman/.m2/repository/org/springframework/cloud/spring-cloud-context/3.0.3/spring-cloud-context-3.0.3.jar:/Users/jacobcoleman/.m2/repository/org/springframework/cloud/spring-cloud-commons/3.0.3/spring-cloud-commons-3.0.3.jar:/Users/jacobcoleman/.m2/repository/org/springframework/security/spring-security-rsa/1.0.10.RELEASE/spring-security-rsa-1.0.10.RELEASE.jar:/Users/jacobcoleman/.m2/repository/org/bouncycastle/bcpkix-jdk15on/1.68/bcpkix-jdk15on-1.68.jar:/Users/jacobcoleman/.m2/repository/org/bouncycastle/bcprov-jdk15on/1.68/bcprov-jdk15on-1.68.jar:/Users/jacobcoleman/.m2/repository/org/springframework/cloud/spring-cloud-starter-task/2.3.2/spring-cloud-starter-task-2.3.2.jar:/Users/jacobcoleman/.m2/repository/org/springframework/cloud/spring-cloud-task-core/2.3.2/spring-cloud-task-core-2.3.2.jar:/Users/jacobcoleman/.m2/repository/org/springframework/cloud/spring-cloud-deployer-autoconfigure/2.5.0/spring-cloud-deployer-autoconfigure-2.5.0.jar:/Users/jacobcoleman/.m2/repository/org/springframework/cloud/spring-cloud-deployer-resource-support/2.5.0/spring-cloud-deployer-resource-support-2.5.0.jar:/Users/jacobcoleman/.m2/repository/org/springframework/cloud/spring-cloud-task-batch/2.3.2/spring-cloud-task-batch-2.3.2.jar:/Users/jacobcoleman/.m2/repository/org/springframework/cloud/spring-cloud-task-stream/2.3.2/spring-cloud-task-stream-2.3.2.jar:/Users/jacobcoleman/.m2/repository/org/springframework/cloud/spring-cloud-deployer-spi/2.5.0/spring-cloud-deployer-spi-2.5.0.jar:/Users/jacobcoleman/.m2/repository/org/springframework/cloud/spring-cloud-starter-vault-config/3.0.3/spring-cloud-starter-vault-config-3.0.3.jar:/Users/jacobcoleman/.m2/repository/org/apache/httpcomponents/httpclient/4.5.13/httpclient-4.5.13.jar:/Users/jacobcoleman/.m2/repository/commons-codec/commons-codec/1.15/commons-codec-1.15.jar:/Users/jacobcoleman/.m2/repository/org/apache/httpcomponents/httpcore/4.4.14/httpcore-4.4.14.jar:/Users/jacobcoleman/.m2/repository/org/springframework/cloud/spring-cloud-vault-config/3.0.3/spring-cloud-vault-config-3.0.3.jar:/Users/jacobcoleman/.m2/repository/org/springframework/vault/spring-vault-core/2.3.2/spring-vault-core-2.3.2.jar:/Users/jacobcoleman/.m2/repository/org/springframework/cloud/spring-cloud-stream/3.1.3/spring-cloud-stream-3.1.3.jar:/Users/jacobcoleman/.m2/repository/org/springframework/integration/spring-integration-jmx/5.5.1/spring-integration-jmx-5.5.1.jar:/Users/jacobcoleman/.m2/repository/org/springframework/retry/spring-retry/1.3.1/spring-retry-1.3.1.jar:/Users/jacobcoleman/.m2/repository/javax/annotation/javax.annotation-api/1.3.2/javax.annotation-api-1.3.2.jar:/Users/jacobcoleman/.m2/repository/org/springframework/cloud/spring-cloud-function-context/3.1.3/spring-cloud-function-context-3.1.3.jar:/Users/jacobcoleman/.m2/repository/net/jodah/typetools/0.6.2/typetools-0.6.2.jar:/Users/jacobcoleman/.m2/repository/org/springframework/cloud/spring-cloud-function-core/3.1.3/spring-cloud-function-core-3.1.3.jar:/Users/jacobcoleman/.m2/repository/org/springframework/integration/spring-integration-jdbc/5.5.1/spring-integration-jdbc-5.5.1.jar:/Users/jacobcoleman/.m2/repository/org/springframework/spring-jdbc/5.3.8/spring-jdbc-5.3.8.jar:/Users/jacobcoleman/.m2/repository/org/springframework/integration/spring-integration-jpa/5.5.1/spring-integration-jpa-5.5.1.jar:/Users/jacobcoleman/.m2/repository/org/springframework/spring-orm/5.3.8/spring-orm-5.3.8.jar:/Users/jacobcoleman/.m2/repository/org/springframework/integration/spring-integration-mail/5.5.1/spring-integration-mail-5.5.1.jar:/Users/jacobcoleman/.m2/repository/org/springframework/integration/spring-integration-rsocket/5.5.1/spring-integration-rsocket-5.5.1.jar:/Users/jacobcoleman/.m2/repository/org/springframework/integration/spring-integration-security/5.5.1/spring-integration-security-5.5.1.jar:/Users/jacobcoleman/.m2/repository/org/springframework/integration/spring-integration-stomp/5.5.1/spring-integration-stomp-5.5.1.jar:/Users/jacobcoleman/.m2/repository/org/springframework/integration/spring-integration-websocket/5.5.1/spring-integration-websocket-5.5.1.jar:/Users/jacobcoleman/.m2/repository/org/springframework/integration/spring-integration-ws/5.5.1/spring-integration-ws-5.5.1.jar:/Users/jacobcoleman/.m2/repository/org/springframework/spring-webmvc/5.3.8/spring-webmvc-5.3.8.jar:/Users/jacobcoleman/.m2/repository/org/springframework/security/spring-security-messaging/5.5.1/spring-security-messaging-5.5.1.jar:/Users/jacobcoleman/.m2/repository/org/springframework/spring-beans/5.3.8/spring-beans-5.3.8.jar:/Users/jacobcoleman/.m2/repository/org/springframework/spring-context/5.3.8/spring-context-5.3.8.jar:/Users/jacobcoleman/.m2/repository/org/springframework/spring-core/5.3.8/spring-core-5.3.8.jar:/Users/jacobcoleman/.m2/repository/org/springframework/spring-jcl/5.3.8/spring-jcl-5.3.8.jar:/Users/jacobcoleman/.m2/repository/org/springframework/spring-expression/5.3.8/spring-expression-5.3.8.jar:/Users/jacobcoleman/.m2/repository/org/springframework/security/spring-security-rsocket/5.5.1/spring-security-rsocket-5.5.1.jar:/Users/jacobcoleman/.m2/repository/org/postgresql/postgresql/42.2.22/postgresql-42.2.22.jar:/Users/jacobcoleman/.m2/repository/org/checkerframework/checker-qual/3.5.0/checker-qual-3.5.0.jar:/Users/jacobcoleman/.m2/repository/org/projectlombok/lombok/1.18.20/lombok-1.18.20.jar:/Users/jacobcoleman/.m2/repository/org/springframework/boot/spring-boot-starter-test/2.5.2/spring-boot-starter-test-2.5.2.jar:/Users/jacobcoleman/.m2/repository/org/springframework/boot/spring-boot-test/2.5.2/spring-boot-test-2.5.2.jar:/Users/jacobcoleman/.m2/repository/org/springframework/boot/spring-boot-test-autoconfigure/2.5.2/spring-boot-test-autoconfigure-2.5.2.jar:/Users/jacobcoleman/.m2/repository/com/jayway/jsonpath/json-path/2.5.0/json-path-2.5.0.jar:/Users/jacobcoleman/.m2/repository/net/minidev/json-smart/2.4.7/json-smart-2.4.7.jar:/Users/jacobcoleman/.m2/repository/net/minidev/accessors-smart/2.4.7/accessors-smart-2.4.7.jar:/Users/jacobcoleman/.m2/repository/org/ow2/asm/asm/9.1/asm-9.1.jar:/Users/jacobcoleman/.m2/repository/jakarta/xml/bind/jakarta.xml.bind-api/2.3.3/jakarta.xml.bind-api-2.3.3.jar:/Users/jacobcoleman/.m2/repository/jakarta/activation/jakarta.activation-api/1.2.2/jakarta.activation-api-1.2.2.jar:/Users/jacobcoleman/.m2/repository/org/assertj/assertj-core/3.19.0/assertj-core-3.19.0.jar:/Users/jacobcoleman/.m2/repository/org/hamcrest/hamcrest/2.2/hamcrest-2.2.jar:/Users/jacobcoleman/.m2/repository/org/junit/jupiter/junit-jupiter/5.7.2/junit-jupiter-5.7.2.jar:/Users/jacobcoleman/.m2/repository/org/junit/jupiter/junit-jupiter-api/5.7.2/junit-jupiter-api-5.7.2.jar:/Users/jacobcoleman/.m2/repository/org/apiguardian/apiguardian-api/1.1.0/apiguardian-api-1.1.0.jar:/Users/jacobcoleman/.m2/repository/org/opentest4j/opentest4j/1.2.0/opentest4j-1.2.0.jar:/Users/jacobcoleman/.m2/repository/org/junit/platform/junit-platform-commons/1.7.2/junit-platform-commons-1.7.2.jar:/Users/jacobcoleman/.m2/repository/org/junit/jupiter/junit-jupiter-params/5.7.2/junit-jupiter-params-5.7.2.jar:/Users/jacobcoleman/.m2/repository/org/junit/jupiter/junit-jupiter-engine/5.7.2/junit-jupiter-engine-5.7.2.jar:/Users/jacobcoleman/.m2/repository/org/junit/platform/junit-platform-engine/1.7.2/junit-platform-engine-1.7.2.jar:/Users/jacobcoleman/.m2/repository/org/mockito/mockito-core/3.9.0/mockito-core-3.9.0.jar:/Users/jacobcoleman/.m2/repository/net/bytebuddy/byte-buddy-agent/1.10.22/byte-buddy-agent-1.10.22.jar:/Users/jacobcoleman/.m2/repository/org/objenesis/objenesis/3.2/objenesis-3.2.jar:/Users/jacobcoleman/.m2/repository/org/mockito/mockito-junit-jupiter/3.9.0/mockito-junit-jupiter-3.9.0.jar:/Users/jacobcoleman/.m2/repository/org/skyscreamer/jsonassert/1.5.0/jsonassert-1.5.0.jar:/Users/jacobcoleman/.m2/repository/com/vaadin/external/google/android-json/0.0.20131108.vaadin1/android-json-0.0.20131108.vaadin1.jar:/Users/jacobcoleman/.m2/repository/org/springframework/spring-test/5.3.8/spring-test-5.3.8.jar:/Users/jacobcoleman/.m2/repository/org/xmlunit/xmlunit-core/2.8.2/xmlunit-core-2.8.2.jar:/Users/jacobcoleman/.m2/repository/io/projectreactor/reactor-test/3.4.7/reactor-test-3.4.7.jar:/Users/jacobcoleman/.m2/repository/io/projectreactor/reactor-core/3.4.7/reactor-core-3.4.7.jar:/Users/jacobcoleman/.m2/repository/org/reactivestreams/reactive-streams/1.0.3/reactive-streams-1.0.3.jar:/Users/jacobcoleman/.m2/repository/org/springframework/batch/spring-batch-test/4.3.3/spring-batch-test-4.3.3.jar:/Users/jacobcoleman/.m2/repository/junit/junit/4.13.2/junit-4.13.2.jar:/Users/jacobcoleman/.m2/repository/org/hamcrest/hamcrest-core/2.2/hamcrest-core-2.2.jar:/Users/jacobcoleman/.m2/repository/org/springframework/cloud/spring-cloud-stream/3.1.3/spring-cloud-stream-3.1.3-test-binder.jar:/Users/jacobcoleman/.m2/repository/org/springframework/integration/spring-integration-test/5.5.1/spring-integration-test-5.5.1.jar:/Users/jacobcoleman/.m2/repository/org/springframework/integration/spring-integration-test-support/5.5.1/spring-integration-test-support-5.5.1.jar:/Users/jacobcoleman/.m2/repository/org/hamcrest/hamcrest-library/2.2/hamcrest-library-2.2.jar:/Users/jacobcoleman/.m2/repository/org/springframework/restdocs/spring-restdocs-mockmvc/2.0.5.RELEASE/spring-restdocs-mockmvc-2.0.5.RELEASE.jar:/Users/jacobcoleman/.m2/repository/javax/servlet/javax.servlet-api/4.0.1/javax.servlet-api-4.0.1.jar:/Users/jacobcoleman/.m2/repository/org/springframework/restdocs/spring-restdocs-core/2.0.5.RELEASE/spring-restdocs-core-2.0.5.RELEASE.jar:/Users/jacobcoleman/.m2/repository/org/springframework/security/spring-security-test/5.5.1/spring-security-test-5.5.1.jar:"/>
    <property name="java.vm.vendor" value="Homebrew"/>
    <property name="sun.arch.data.model" value="64"/>
    <property name="java.vendor.url" value="https://github.com/Homebrew/homebrew-core/issues"/>
    <property name="os.name" value="Mac OS X"/>
    <property name="java.vm.specification.version" value="16"/>
    <property name="sun.java.launcher" value="SUN_STANDARD"/>
    <property name="user.country" value="US"/>
    <property name="sun.boot.library.path" value="/usr/local/Cellar/openjdk/16.0.1/libexec/openjdk.jdk/Contents/Home/lib"/>
    <property name="sun.java.command" value="/Users/jacobcoleman/git/ATC2/target/surefire/surefirebooter9316549870303774862.jar /Users/jacobcoleman/git/ATC2/target/surefire 2021-06-27T20-50-56_503-jvmRun1 surefire9375377874976200249tmp surefire_015488894832817040666tmp"/>
    <property name="http.nonProxyHosts" value="local|*.local|169.254/16|*.169.254/16"/>
    <property name="jdk.debug" value="release"/>
    <property name="surefire.test.class.path" value="/Users/jacobcoleman/git/ATC2/target/test-classes:/Users/jacobcoleman/git/ATC2/target/classes:/Users/jacobcoleman/.m2/repository/org/springframework/boot/spring-boot-starter-actuator/2.5.2/spring-boot-starter-actuator-2.5.2.jar:/Users/jacobcoleman/.m2/repository/org/springframework/boot/spring-boot-starter/2.5.2/spring-boot-starter-2.5.2.jar:/Users/jacobcoleman/.m2/repository/org/springframework/boot/spring-boot/2.5.2/spring-boot-2.5.2.jar:/Users/jacobcoleman/.m2/repository/org/springframework/boot/spring-boot-autoconfigure/2.5.2/spring-boot-autoconfigure-2.5.2.jar:/Users/jacobcoleman/.m2/repository/org/springframework/boot/spring-boot-starter-logging/2.5.2/spring-boot-starter-logging-2.5.2.jar:/Users/jacobcoleman/.m2/repository/ch/qos/logback/logback-classic/1.2.3/logback-classic-1.2.3.jar:/Users/jacobcoleman/.m2/repository/ch/qos/logback/logback-core/1.2.3/logback-core-1.2.3.jar:/Users/jacobcoleman/.m2/repository/org/apache/logging/log4j/log4j-to-slf4j/2.14.1/log4j-to-slf4j-2.14.1.jar:/Users/jacobcoleman/.m2/repository/org/apache/logging/log4j/log4j-api/2.14.1/log4j-api-2.14.1.jar:/Users/jacobcoleman/.m2/repository/org/slf4j/jul-to-slf4j/1.7.31/jul-to-slf4j-1.7.31.jar:/Users/jacobcoleman/.m2/repository/jakarta/annotation/jakarta.annotation-api/1.3.5/jakarta.annotation-api-1.3.5.jar:/Users/jacobcoleman/.m2/repository/org/yaml/snakeyaml/1.28/snakeyaml-1.28.jar:/Users/jacobcoleman/.m2/repository/org/springframework/boot/spring-boot-actuator-autoconfigure/2.5.2/spring-boot-actuator-autoconfigure-2.5.2.jar:/Users/jacobcoleman/.m2/repository/org/springframework/boot/spring-boot-actuator/2.5.2/spring-boot-actuator-2.5.2.jar:/Users/jacobcoleman/.m2/repository/com/fasterxml/jackson/core/jackson-databind/2.12.3/jackson-databind-2.12.3.jar:/Users/jacobcoleman/.m2/repository/com/fasterxml/jackson/core/jackson-annotations/2.12.3/jackson-annotations-2.12.3.jar:/Users/jacobcoleman/.m2/repository/com/fasterxml/jackson/datatype/jackson-datatype-jsr310/2.12.3/jackson-datatype-jsr310-2.12.3.jar:/Users/jacobcoleman/.m2/repository/io/micrometer/micrometer-core/1.7.1/micrometer-core-1.7.1.jar:/Users/jacobcoleman/.m2/repository/org/hdrhistogram/HdrHistogram/2.1.12/HdrHistogram-2.1.12.jar:/Users/jacobcoleman/.m2/repository/org/latencyutils/LatencyUtils/2.0.3/LatencyUtils-2.0.3.jar:/Users/jacobcoleman/.m2/repository/org/springframework/boot/spring-boot-starter-batch/2.5.2/spring-boot-starter-batch-2.5.2.jar:/Users/jacobcoleman/.m2/repository/org/springframework/boot/spring-boot-starter-jdbc/2.5.2/spring-boot-starter-jdbc-2.5.2.jar:/Users/jacobcoleman/.m2/repository/com/zaxxer/HikariCP/4.0.3/HikariCP-4.0.3.jar:/Users/jacobcoleman/.m2/repository/org/springframework/batch/spring-batch-core/4.3.3/spring-batch-core-4.3.3.jar:/Users/jacobcoleman/.m2/repository/javax/batch/javax.batch-api/1.0/javax.batch-api-1.0.jar:/Users/jacobcoleman/.m2/repository/org/codehaus/jettison/jettison/1.2/jettison-1.2.jar:/Users/jacobcoleman/.m2/repository/org/springframework/batch/spring-batch-infrastructure/4.3.3/spring-batch-infrastructure-4.3.3.jar:/Users/jacobcoleman/.m2/repository/org/springframework/spring-tx/5.3.8/spring-tx-5.3.8.jar:/Users/jacobcoleman/.m2/repository/org/springframework/boot/spring-boot-starter-cache/2.5.2/spring-boot-starter-cache-2.5.2.jar:/Users/jacobcoleman/.m2/repository/org/springframework/spring-context-support/5.3.8/spring-context-support-5.3.8.jar:/Users/jacobcoleman/.m2/repository/org/springframework/boot/spring-boot-starter-data-jdbc/2.5.2/spring-boot-starter-data-jdbc-2.5.2.jar:/Users/jacobcoleman/.m2/repository/org/springframework/data/spring-data-jdbc/2.2.2/spring-data-jdbc-2.2.2.jar:/Users/jacobcoleman/.m2/repository/org/springframework/data/spring-data-relational/2.2.2/spring-data-relational-2.2.2.jar:/Users/jacobcoleman/.m2/repository/org/springframework/data/spring-data-commons/2.5.2/spring-data-commons-2.5.2.jar:/Users/jacobcoleman/.m2/repository/org/slf4j/slf4j-api/1.7.31/slf4j-api-1.7.31.jar:/Users/jacobcoleman/.m2/repository/org/springframework/boot/spring-boot-starter-data-jpa/2.5.2/spring-boot-starter-data-jpa-2.5.2.jar:/Users/jacobcoleman/.m2/repository/org/springframework/boot/spring-boot-starter-aop/2.5.2/spring-boot-starter-aop-2.5.2.jar:/Users/jacobcoleman/.m2/repository/org/aspectj/aspectjweaver/1.9.6/aspectjweaver-1.9.6.jar:/Users/jacobcoleman/.m2/repository/jakarta/transaction/jakarta.transaction-api/1.3.3/jakarta.transaction-api-1.3.3.jar:/Users/jacobcoleman/.m2/repository/jakarta/persistence/jakarta.persistence-api/2.2.3/jakarta.persistence-api-2.2.3.jar:/Users/jacobcoleman/.m2/repository/org/hibernate/hibernate-core/5.4.32.Final/hibernate-core-5.4.32.Final.jar:/Users/jacobcoleman/.m2/repository/org/jboss/logging/jboss-logging/3.4.2.Final/jboss-logging-3.4.2.Final.jar:/Users/jacobcoleman/.m2/repository/org/javassist/javassist/3.27.0-GA/javassist-3.27.0-GA.jar:/Users/jacobcoleman/.m2/repository/net/bytebuddy/byte-buddy/1.10.22/byte-buddy-1.10.22.jar:/Users/jacobcoleman/.m2/repository/antlr/antlr/2.7.7/antlr-2.7.7.jar:/Users/jacobcoleman/.m2/repository/org/jboss/jandex/2.2.3.Final/jandex-2.2.3.Final.jar:/Users/jacobcoleman/.m2/repository/com/fasterxml/classmate/1.5.1/classmate-1.5.1.jar:/Users/jacobcoleman/.m2/repository/org/dom4j/dom4j/2.1.3/dom4j-2.1.3.jar:/Users/jacobcoleman/.m2/repository/org/hibernate/common/hibernate-commons-annotations/5.1.2.Final/hibernate-commons-annotations-5.1.2.Final.jar:/Users/jacobcoleman/.m2/repository/org/glassfish/jaxb/jaxb-runtime/2.3.4/jaxb-runtime-2.3.4.jar:/Users/jacobcoleman/.m2/repository/org/glassfish/jaxb/txw2/2.3.4/txw2-2.3.4.jar:/Users/jacobcoleman/.m2/repository/com/sun/istack/istack-commons-runtime/3.0.12/istack-commons-runtime-3.0.12.jar:/Users/jacobcoleman/.m2/repository/org/springframework/data/spring-data-jpa/2.5.2/spring-data-jpa-2.5.2.jar:/Users/jacobcoleman/.m2/repository/org/springframework/spring-aspects/5.3.8/spring-aspects-5.3.8.jar:/Users/jacobcoleman/.m2/repository/org/springframework/boot/spring-boot-starter-integration/2.5.2/spring-boot-starter-integration-2.5.2.jar:/Users/jacobcoleman/.m2/repository/org/springframework/integration/spring-integration-core/5.5.1/spring-integration-core-5.5.1.jar:/Users/jacobcoleman/.m2/repository/org/springframework/boot/spring-boot-starter-mail/2.5.2/spring-boot-starter-mail-2.5.2.jar:/Users/jacobcoleman/.m2/repository/com/sun/mail/jakarta.mail/1.6.7/jakarta.mail-1.6.7.jar:/Users/jacobcoleman/.m2/repository/com/sun/activation/jakarta.activation/1.2.2/jakarta.activation-1.2.2.jar:/Users/jacobcoleman/.m2/repository/org/springframework/boot/spring-boot-starter-oauth2-client/2.5.2/spring-boot-starter-oauth2-client-2.5.2.jar:/Users/jacobcoleman/.m2/repository/org/springframework/security/spring-security-config/5.5.1/spring-security-config-5.5.1.jar:/Users/jacobcoleman/.m2/repository/org/springframework/security/spring-security-core/5.5.1/spring-security-core-5.5.1.jar:/Users/jacobcoleman/.m2/repository/org/springframework/security/spring-security-crypto/5.5.1/spring-security-crypto-5.5.1.jar:/Users/jacobcoleman/.m2/repository/org/springframework/security/spring-security-oauth2-client/5.5.1/spring-security-oauth2-client-5.5.1.jar:/Users/jacobcoleman/.m2/repository/org/springframework/security/spring-security-oauth2-core/5.5.1/spring-security-oauth2-core-5.5.1.jar:/Users/jacobcoleman/.m2/repository/com/nimbusds/oauth2-oidc-sdk/9.9/oauth2-oidc-sdk-9.9.jar:/Users/jacobcoleman/.m2/repository/com/github/stephenc/jcip/jcip-annotations/1.0-1/jcip-annotations-1.0-1.jar:/Users/jacobcoleman/.m2/repository/com/nimbusds/content-type/2.1/content-type-2.1.jar:/Users/jacobcoleman/.m2/repository/com/nimbusds/lang-tag/1.5/lang-tag-1.5.jar:/Users/jacobcoleman/.m2/repository/org/springframework/security/spring-security-oauth2-jose/5.5.1/spring-security-oauth2-jose-5.5.1.jar:/Users/jacobcoleman/.m2/repository/com/nimbusds/nimbus-jose-jwt/9.10/nimbus-jose-jwt-9.10.jar:/Users/jacobcoleman/.m2/repository/org/springframework/boot/spring-boot-starter-rsocket/2.5.2/spring-boot-starter-rsocket-2.5.2.jar:/Users/jacobcoleman/.m2/repository/org/springframework/boot/spring-boot-starter-json/2.5.2/spring-boot-starter-json-2.5.2.jar:/Users/jacobcoleman/.m2/repository/org/springframework/spring-web/5.3.8/spring-web-5.3.8.jar:/Users/jacobcoleman/.m2/repository/com/fasterxml/jackson/datatype/jackson-datatype-jdk8/2.12.3/jackson-datatype-jdk8-2.12.3.jar:/Users/jacobcoleman/.m2/repository/com/fasterxml/jackson/module/jackson-module-parameter-names/2.12.3/jackson-module-parameter-names-2.12.3.jar:/Users/jacobcoleman/.m2/repository/org/springframework/boot/spring-boot-starter-reactor-netty/2.5.2/spring-boot-starter-reactor-netty-2.5.2.jar:/Users/jacobcoleman/.m2/repository/io/projectreactor/netty/reactor-netty-http/1.0.8/reactor-netty-http-1.0.8.jar:/Users/jacobcoleman/.m2/repository/io/netty/netty-codec-http/4.1.65.Final/netty-codec-http-4.1.65.Final.jar:/Users/jacobcoleman/.m2/repository/io/netty/netty-transport/4.1.65.Final/netty-transport-4.1.65.Final.jar:/Users/jacobcoleman/.m2/repository/io/netty/netty-codec/4.1.65.Final/netty-codec-4.1.65.Final.jar:/Users/jacobcoleman/.m2/repository/io/netty/netty-codec-http2/4.1.65.Final/netty-codec-http2-4.1.65.Final.jar:/Users/jacobcoleman/.m2/repository/io/netty/netty-resolver-dns/4.1.65.Final/netty-resolver-dns-4.1.65.Final.jar:/Users/jacobcoleman/.m2/repository/io/netty/netty-resolver/4.1.65.Final/netty-resolver-4.1.65.Final.jar:/Users/jacobcoleman/.m2/repository/io/netty/netty-codec-dns/4.1.65.Final/netty-codec-dns-4.1.65.Final.jar:/Users/jacobcoleman/.m2/repository/io/netty/netty-resolver-dns-native-macos/4.1.65.Final/netty-resolver-dns-native-macos-4.1.65.Final-osx-x86_64.jar:/Users/jacobcoleman/.m2/repository/io/netty/netty-transport-native-unix-common/4.1.65.Final/netty-transport-native-unix-common-4.1.65.Final.jar:/Users/jacobcoleman/.m2/repository/io/netty/netty-transport-native-epoll/4.1.65.Final/netty-transport-native-epoll-4.1.65.Final-linux-x86_64.jar:/Users/jacobcoleman/.m2/repository/com/fasterxml/jackson/dataformat/jackson-dataformat-cbor/2.12.3/jackson-dataformat-cbor-2.12.3.jar:/Users/jacobcoleman/.m2/repository/com/fasterxml/jackson/core/jackson-core/2.12.3/jackson-core-2.12.3.jar:/Users/jacobcoleman/.m2/repository/io/rsocket/rsocket-core/1.1.1/rsocket-core-1.1.1.jar:/Users/jacobcoleman/.m2/repository/io/netty/netty-buffer/4.1.65.Final/netty-buffer-4.1.65.Final.jar:/Users/jacobcoleman/.m2/repository/io/netty/netty-common/4.1.65.Final/netty-common-4.1.65.Final.jar:/Users/jacobcoleman/.m2/repository/io/rsocket/rsocket-transport-netty/1.1.1/rsocket-transport-netty-1.1.1.jar:/Users/jacobcoleman/.m2/repository/io/projectreactor/netty/reactor-netty-core/1.0.8/reactor-netty-core-1.0.8.jar:/Users/jacobcoleman/.m2/repository/io/netty/netty-handler/4.1.65.Final/netty-handler-4.1.65.Final.jar:/Users/jacobcoleman/.m2/repository/io/netty/netty-handler-proxy/4.1.65.Final/netty-handler-proxy-4.1.65.Final.jar:/Users/jacobcoleman/.m2/repository/io/netty/netty-codec-socks/4.1.65.Final/netty-codec-socks-4.1.65.Final.jar:/Users/jacobcoleman/.m2/repository/org/springframework/spring-messaging/5.3.8/spring-messaging-5.3.8.jar:/Users/jacobcoleman/.m2/repository/org/springframework/boot/spring-boot-starter-security/2.5.2/spring-boot-starter-security-2.5.2.jar:/Users/jacobcoleman/.m2/repository/org/springframework/spring-aop/5.3.8/spring-aop-5.3.8.jar:/Users/jacobcoleman/.m2/repository/org/springframework/security/spring-security-web/5.5.1/spring-security-web-5.5.1.jar:/Users/jacobcoleman/.m2/repository/org/springframework/boot/spring-boot-starter-validation/2.5.2/spring-boot-starter-validation-2.5.2.jar:/Users/jacobcoleman/.m2/repository/org/apache/tomcat/embed/tomcat-embed-el/9.0.48/tomcat-embed-el-9.0.48.jar:/Users/jacobcoleman/.m2/repository/org/hibernate/validator/hibernate-validator/6.2.0.Final/hibernate-validator-6.2.0.Final.jar:/Users/jacobcoleman/.m2/repository/jakarta/validation/jakarta.validation-api/2.0.2/jakarta.validation-api-2.0.2.jar:/Users/jacobcoleman/.m2/repository/org/springframework/boot/spring-boot-starter-web-services/2.5.2/spring-boot-starter-web-services-2.5.2.jar:/Users/jacobcoleman/.m2/repository/org/springframework/boot/spring-boot-starter-web/2.5.2/spring-boot-starter-web-2.5.2.jar:/Users/jacobcoleman/.m2/repository/org/springframework/boot/spring-boot-starter-tomcat/2.5.2/spring-boot-starter-tomcat-2.5.2.jar:/Users/jacobcoleman/.m2/repository/org/apache/tomcat/embed/tomcat-embed-core/9.0.48/tomcat-embed-core-9.0.48.jar:/Users/jacobcoleman/.m2/repository/org/apache/tomcat/embed/tomcat-embed-websocket/9.0.48/tomcat-embed-websocket-9.0.48.jar:/Users/jacobcoleman/.m2/repository/com/sun/xml/messaging/saaj/saaj-impl/1.5.3/saaj-impl-1.5.3.jar:/Users/jacobcoleman/.m2/repository/jakarta/xml/soap/jakarta.xml.soap-api/1.4.2/jakarta.xml.soap-api-1.4.2.jar:/Users/jacobcoleman/.m2/repository/org/jvnet/staxex/stax-ex/1.8.3/stax-ex-1.8.3.jar:/Users/jacobcoleman/.m2/repository/jakarta/xml/ws/jakarta.xml.ws-api/2.3.3/jakarta.xml.ws-api-2.3.3.jar:/Users/jacobcoleman/.m2/repository/jakarta/jws/jakarta.jws-api/2.1.0/jakarta.jws-api-2.1.0.jar:/Users/jacobcoleman/.m2/repository/org/springframework/spring-oxm/5.3.8/spring-oxm-5.3.8.jar:/Users/jacobcoleman/.m2/repository/org/springframework/ws/spring-ws-core/3.1.1/spring-ws-core-3.1.1.jar:/Users/jacobcoleman/.m2/repository/org/springframework/ws/spring-xml/3.1.1/spring-xml-3.1.1.jar:/Users/jacobcoleman/.m2/repository/org/springframework/boot/spring-boot-starter-websocket/2.5.2/spring-boot-starter-websocket-2.5.2.jar:/Users/jacobcoleman/.m2/repository/org/springframework/spring-websocket/5.3.8/spring-websocket-5.3.8.jar:/Users/jacobcoleman/.m2/repository/com/vaadin/vaadin-spring-boot-starter/14.6.4/vaadin-spring-boot-starter-14.6.4.jar:/Users/jacobcoleman/.m2/repository/com/vaadin/vaadin-spring/12.4.0/vaadin-spring-12.4.0.jar:/Users/jacobcoleman/.m2/repository/com/vaadin/flow-server/2.6.4/flow-server-2.6.4.jar:/Users/jacobcoleman/.m2/repository/com/vaadin/external/gwt/gwt-elemental/2.8.2.vaadin2/gwt-elemental-2.8.2.vaadin2.jar:/Users/jacobcoleman/.m2/repository/commons-fileupload/commons-fileupload/1.3.3/commons-fileupload-1.3.3.jar:/Users/jacobcoleman/.m2/repository/commons-io/commons-io/2.8.0/commons-io-2.8.0.jar:/Users/jacobcoleman/.m2/repository/org/jsoup/jsoup/1.12.1/jsoup-1.12.1.jar:/Users/jacobcoleman/.m2/repository/com/helger/ph-css/6.1.1/ph-css-6.1.1.jar:/Users/jacobcoleman/.m2/repository/com/helger/ph-commons/9.1.2/ph-commons-9.1.2.jar:/Users/jacobcoleman/.m2/repository/com/vaadin/external/gentyref/1.2.0.vaadin1/gentyref-1.2.0.vaadin1.jar:/Users/jacobcoleman/.m2/repository/org/apache/commons/commons-compress/1.19/commons-compress-1.19.jar:/Users/jacobcoleman/.m2/repository/com/vaadin/flow-push/2.6.4/flow-push-2.6.4.jar:/Users/jacobcoleman/.m2/repository/com/vaadin/external/atmosphere/atmosphere-runtime/2.4.30.slf4jvaadin1/atmosphere-runtime-2.4.30.slf4jvaadin1.jar:/Users/jacobcoleman/.m2/repository/com/vaadin/flow-client/2.6.4/flow-client-2.6.4.jar:/Users/jacobcoleman/.m2/repository/com/vaadin/vaadin-core/14.6.4/vaadin-core-14.6.4.jar:/Users/jacobcoleman/.m2/repository/com/vaadin/flow-lit-template/2.6.4/flow-lit-template-2.6.4.jar:/Users/jacobcoleman/.m2/repository/com/vaadin/flow-html-components/2.6.4/flow-html-components-2.6.4.jar:/Users/jacobcoleman/.m2/repository/com/vaadin/flow-data/2.6.4/flow-data-2.6.4.jar:/Users/jacobcoleman/.m2/repository/javax/validation/validation-api/2.0.1.Final/validation-api-2.0.1.Final.jar:/Users/jacobcoleman/.m2/repository/com/vaadin/flow-dnd/2.6.4/flow-dnd-2.6.4.jar:/Users/jacobcoleman/.m2/repository/org/webjars/npm/vaadin__vaadin-mobile-drag-drop/1.0.0/vaadin__vaadin-mobile-drag-drop-1.0.0.jar:/Users/jacobcoleman/.m2/repository/org/webjars/npm/mobile-drag-drop/2.3.0-rc.1/mobile-drag-drop-2.3.0-rc.1.jar:/Users/jacobcoleman/.m2/repository/com/vaadin/vaadin-lumo-theme/2.6.4/vaadin-lumo-theme-2.6.4.jar:/Users/jacobcoleman/.m2/repository/org/webjars/bowergithub/vaadin/vaadin-lumo-styles/1.6.1/vaadin-lumo-styles-1.6.1.jar:/Users/jacobcoleman/.m2/repository/org/webjars/bowergithub/polymerelements/iron-icon/2.1.0/iron-icon-2.1.0.jar:/Users/jacobcoleman/.m2/repository/org/webjars/bowergithub/polymerelements/iron-meta/2.1.1/iron-meta-2.1.1.jar:/Users/jacobcoleman/.m2/repository/org/webjars/bowergithub/polymerelements/iron-iconset-svg/2.2.1/iron-iconset-svg-2.2.1.jar:/Users/jacobcoleman/.m2/repository/org/webjars/bowergithub/polymerelements/iron-flex-layout/2.0.3/iron-flex-layout-2.0.3.jar:/Users/jacobcoleman/.m2/repository/org/webjars/bowergithub/polymer/polymer/2.7.0/polymer-2.7.0.jar:/Users/jacobcoleman/.m2/repository/org/webjars/bowergithub/webcomponents/shadycss/1.8.0/shadycss-1.8.0.jar:/Users/jacobcoleman/.m2/repository/com/vaadin/vaadin-material-theme/2.6.4/vaadin-material-theme-2.6.4.jar:/Users/jacobcoleman/.m2/repository/org/webjars/bowergithub/vaadin/vaadin-material-styles/1.3.2/vaadin-material-styles-1.3.2.jar:/Users/jacobcoleman/.m2/repository/com/vaadin/vaadin-accordion-flow/14.6.4/vaadin-accordion-flow-14.6.4.jar:/Users/jacobcoleman/.m2/repository/org/webjars/bowergithub/vaadin/vaadin-accordion/1.2.0/vaadin-accordion-1.2.0.jar:/Users/jacobcoleman/.m2/repository/org/webjars/bowergithub/vaadin/vaadin-themable-mixin/1.6.2/vaadin-themable-mixin-1.6.2.jar:/Users/jacobcoleman/.m2/repository/org/webjars/bowergithub/webcomponents/webcomponentsjs/1.2.6/webcomponentsjs-1.2.6.jar:/Users/jacobcoleman/.m2/repository/org/webjars/bowergithub/vaadin/vaadin-element-mixin/2.4.2/vaadin-element-mixin-2.4.2.jar:/Users/jacobcoleman/.m2/repository/org/webjars/bowergithub/vaadin/vaadin-usage-statistics/2.1.0/vaadin-usage-statistics-2.1.0.jar:/Users/jacobcoleman/.m2/repository/org/webjars/bowergithub/vaadin/vaadin-development-mode-detector/2.0.4/vaadin-development-mode-detector-2.0.4.jar:/Users/jacobcoleman/.m2/repository/com/vaadin/vaadin-avatar-flow/14.6.4/vaadin-avatar-flow-14.6.4.jar:/Users/jacobcoleman/.m2/repository/org/webjars/bowergithub/vaadin/vaadin-avatar/1.0.4/vaadin-avatar-1.0.4.jar:/Users/jacobcoleman/.m2/repository/org/webjars/bowergithub/polymerelements/iron-a11y-announcer/2.1.0/iron-a11y-announcer-2.1.0.jar:/Users/jacobcoleman/.m2/repository/org/webjars/bowergithub/polymerelements/iron-resizable-behavior/2.1.1/iron-resizable-behavior-2.1.1.jar:/Users/jacobcoleman/.m2/repository/org/webjars/bowergithub/vaadin/vaadin-list-box/1.4.0/vaadin-list-box-1.4.0.jar:/Users/jacobcoleman/.m2/repository/org/webjars/bowergithub/vaadin/vaadin-list-mixin/2.5.1/vaadin-list-mixin-2.5.1.jar:/Users/jacobcoleman/.m2/repository/org/webjars/bowergithub/vaadin/vaadin-item/2.3.0/vaadin-item-2.3.0.jar:/Users/jacobcoleman/.m2/repository/org/webjars/bowergithub/vaadin/vaadin-overlay/3.5.1/vaadin-overlay-3.5.1.jar:/Users/jacobcoleman/.m2/repository/org/webjars/bowergithub/vaadin/vaadin-control-state-mixin/2.2.4/vaadin-control-state-mixin-2.2.4.jar:/Users/jacobcoleman/.m2/repository/com/vaadin/vaadin-button-flow/14.6.4/vaadin-button-flow-14.6.4.jar:/Users/jacobcoleman/.m2/repository/org/webjars/bowergithub/vaadin/vaadin-button/2.4.0/vaadin-button-2.4.0.jar:/Users/jacobcoleman/.m2/repository/com/vaadin/vaadin-checkbox-flow/14.6.4/vaadin-checkbox-flow-14.6.4.jar:/Users/jacobcoleman/.m2/repository/org/webjars/bowergithub/vaadin/vaadin-checkbox/2.5.0/vaadin-checkbox-2.5.0.jar:/Users/jacobcoleman/.m2/repository/com/vaadin/vaadin-combo-box-flow/14.6.4/vaadin-combo-box-flow-14.6.4.jar:/Users/jacobcoleman/.m2/repository/org/webjars/bowergithub/vaadin/vaadin-combo-box/5.4.7/vaadin-combo-box-5.4.7.jar:/Users/jacobcoleman/.m2/repository/org/webjars/bowergithub/vaadin/vaadin-text-field/2.8.4/vaadin-text-field-2.8.4.jar:/Users/jacobcoleman/.m2/repository/org/webjars/bowergithub/polymerelements/iron-list/2.0.20/iron-list-2.0.20.jar:/Users/jacobcoleman/.m2/repository/org/webjars/bowergithub/polymerelements/iron-scroll-target-behavior/2.1.1/iron-scroll-target-behavior-2.1.1.jar:/Users/jacobcoleman/.m2/repository/org/webjars/bowergithub/polymerelements/iron-a11y-keys-behavior/2.1.1/iron-a11y-keys-behavior-2.1.1.jar:/Users/jacobcoleman/.m2/repository/org/webjars/bowergithub/polymerelements/iron-overlay-behavior/2.3.4/iron-overlay-behavior-2.3.4.jar:/Users/jacobcoleman/.m2/repository/org/webjars/bowergithub/polymerelements/iron-fit-behavior/2.2.1/iron-fit-behavior-2.2.1.jar:/Users/jacobcoleman/.m2/repository/com/vaadin/vaadin-custom-field-flow/14.6.4/vaadin-custom-field-flow-14.6.4.jar:/Users/jacobcoleman/.m2/repository/org/webjars/bowergithub/vaadin/vaadin-custom-field/1.3.0/vaadin-custom-field-1.3.0.jar:/Users/jacobcoleman/.m2/repository/com/vaadin/vaadin-date-picker-flow/14.6.4/vaadin-date-picker-flow-14.6.4.jar:/Users/jacobcoleman/.m2/repository/org/webjars/bowergithub/vaadin/vaadin-date-picker/4.4.1/vaadin-date-picker-4.4.1.jar:/Users/jacobcoleman/.m2/repository/org/webjars/bowergithub/polymerelements/iron-media-query/2.1.0/iron-media-query-2.1.0.jar:/Users/jacobcoleman/.m2/repository/com/vaadin/vaadin-date-time-picker-flow/14.6.4/vaadin-date-time-picker-flow-14.6.4.jar:/Users/jacobcoleman/.m2/repository/org/webjars/bowergithub/vaadin/vaadin-date-time-picker/1.4.0/vaadin-date-time-picker-1.4.0.jar:/Users/jacobcoleman/.m2/repository/org/webjars/bowergithub/vaadin/vaadin-time-picker/2.4.0/vaadin-time-picker-2.4.0.jar:/Users/jacobcoleman/.m2/repository/com/vaadin/vaadin-details-flow/14.6.4/vaadin-details-flow-14.6.4.jar:/Users/jacobcoleman/.m2/repository/org/webjars/bowergithub/vaadin/vaadin-details/1.2.0/vaadin-details-1.2.0.jar:/Users/jacobcoleman/.m2/repository/com/vaadin/vaadin-time-picker-flow/14.6.4/vaadin-time-picker-flow-14.6.4.jar:/Users/jacobcoleman/.m2/repository/com/vaadin/vaadin-select-flow/14.6.4/vaadin-select-flow-14.6.4.jar:/Users/jacobcoleman/.m2/repository/org/webjars/bowergithub/vaadin/vaadin-select/2.4.0/vaadin-select-2.4.0.jar:/Users/jacobcoleman/.m2/repository/com/vaadin/vaadin-dialog-flow/14.6.4/vaadin-dialog-flow-14.6.4.jar:/Users/jacobcoleman/.m2/repository/org/webjars/bowergithub/vaadin/vaadin-dialog/2.5.2/vaadin-dialog-2.5.2.jar:/Users/jacobcoleman/.m2/repository/com/vaadin/vaadin-form-layout-flow/14.6.4/vaadin-form-layout-flow-14.6.4.jar:/Users/jacobcoleman/.m2/repository/org/webjars/bowergithub/vaadin/vaadin-form-layout/2.3.0/vaadin-form-layout-2.3.0.jar:/Users/jacobcoleman/.m2/repository/com/vaadin/vaadin-grid-flow/14.6.4/vaadin-grid-flow-14.6.4.jar:/Users/jacobcoleman/.m2/repository/org/webjars/bowergithub/vaadin/vaadin-grid/5.7.13/vaadin-grid-5.7.13.jar:/Users/jacobcoleman/.m2/repository/org/apache/commons/commons-lang3/3.12.0/commons-lang3-3.12.0.jar:/Users/jacobcoleman/.m2/repository/com/vaadin/vaadin-icons-flow/14.6.4/vaadin-icons-flow-14.6.4.jar:/Users/jacobcoleman/.m2/repository/org/webjars/bowergithub/vaadin/vaadin-icons/4.3.2/vaadin-icons-4.3.2.jar:/Users/jacobcoleman/.m2/repository/com/vaadin/vaadin-iron-list-flow/14.6.4/vaadin-iron-list-flow-14.6.4.jar:/Users/jacobcoleman/.m2/repository/com/vaadin/vaadin-list-box-flow/14.6.4/vaadin-list-box-flow-14.6.4.jar:/Users/jacobcoleman/.m2/repository/com/vaadin/vaadin-login-flow/14.6.4/vaadin-login-flow-14.6.4.jar:/Users/jacobcoleman/.m2/repository/org/webjars/bowergithub/vaadin/vaadin-login/1.2.0/vaadin-login-1.2.0.jar:/Users/jacobcoleman/.m2/repository/com/vaadin/vaadin-ordered-layout-flow/14.6.4/vaadin-ordered-layout-flow-14.6.4.jar:/Users/jacobcoleman/.m2/repository/org/webjars/bowergithub/vaadin/vaadin-ordered-layout/1.4.0/vaadin-ordered-layout-1.4.0.jar:/Users/jacobcoleman/.m2/repository/com/vaadin/vaadin-progress-bar-flow/14.6.4/vaadin-progress-bar-flow-14.6.4.jar:/Users/jacobcoleman/.m2/repository/org/webjars/bowergithub/vaadin/vaadin-progress-bar/1.3.0/vaadin-progress-bar-1.3.0.jar:/Users/jacobcoleman/.m2/repository/com/vaadin/vaadin-radio-button-flow/14.6.4/vaadin-radio-button-flow-14.6.4.jar:/Users/jacobcoleman/.m2/repository/org/webjars/bowergithub/vaadin/vaadin-radio-button/1.5.1/vaadin-radio-button-1.5.1.jar:/Users/jacobcoleman/.m2/repository/com/vaadin/vaadin-split-layout-flow/14.6.4/vaadin-split-layout-flow-14.6.4.jar:/Users/jacobcoleman/.m2/repository/org/webjars/bowergithub/vaadin/vaadin-split-layout/4.3.0/vaadin-split-layout-4.3.0.jar:/Users/jacobcoleman/.m2/repository/com/vaadin/vaadin-tabs-flow/14.6.4/vaadin-tabs-flow-14.6.4.jar:/Users/jacobcoleman/.m2/repository/org/webjars/bowergithub/vaadin/vaadin-tabs/3.2.0/vaadin-tabs-3.2.0.jar:/Users/jacobcoleman/.m2/repository/com/vaadin/vaadin-text-field-flow/14.6.4/vaadin-text-field-flow-14.6.4.jar:/Users/jacobcoleman/.m2/repository/com/vaadin/vaadin-upload-flow/14.6.4/vaadin-upload-flow-14.6.4.jar:/Users/jacobcoleman/.m2/repository/org/webjars/bowergithub/vaadin/vaadin-upload/4.4.1/vaadin-upload-4.4.1.jar:/Users/jacobcoleman/.m2/repository/com/vaadin/vaadin-notification-flow/14.6.4/vaadin-notification-flow-14.6.4.jar:/Users/jacobcoleman/.m2/repository/org/webjars/bowergithub/vaadin/vaadin-notification/1.6.1/vaadin-notification-1.6.1.jar:/Users/jacobcoleman/.m2/repository/com/vaadin/vaadin-app-layout-flow/14.6.4/vaadin-app-layout-flow-14.6.4.jar:/Users/jacobcoleman/.m2/repository/org/webjars/bowergithub/vaadin/vaadin-app-layout/2.2.0/vaadin-app-layout-2.2.0.jar:/Users/jacobcoleman/.m2/repository/com/vaadin/vaadin-context-menu-flow/14.6.4/vaadin-context-menu-flow-14.6.4.jar:/Users/jacobcoleman/.m2/repository/org/webjars/bowergithub/vaadin/vaadin-context-menu/4.5.0/vaadin-context-menu-4.5.0.jar:/Users/jacobcoleman/.m2/repository/com/vaadin/vaadin-menu-bar-flow/14.6.4/vaadin-menu-bar-flow-14.6.4.jar:/Users/jacobcoleman/.m2/repository/org/webjars/bowergithub/vaadin/vaadin-menu-bar/1.2.2/vaadin-menu-bar-1.2.2.jar:/Users/jacobcoleman/.m2/repository/org/liquibase/liquibase-core/4.3.5/liquibase-core-4.3.5.jar:/Users/jacobcoleman/.m2/repository/javax/xml/bind/jaxb-api/2.3.1/jaxb-api-2.3.1.jar:/Users/jacobcoleman/.m2/repository/javax/activation/javax.activation-api/1.2.0/javax.activation-api-1.2.0.jar:/Users/jacobcoleman/.m2/repository/org/springframework/cloud/spring-cloud-bus/3.0.3/spring-cloud-bus-3.0.3.jar:/Users/jacobcoleman/.m2/repository/org/springframework/cloud/spring-cloud-starter/3.0.3/spring-cloud-starter-3.0.3.jar:/Users/jacobcoleman/.m2/repository/org/springframework/cloud/spring-cloud-context/3.0.3/spring-cloud-context-3.0.3.jar:/Users/jacobcoleman/.m2/repository/org/springframework/cloud/spring-cloud-commons/3.0.3/spring-cloud-commons-3.0.3.jar:/Users/jacobcoleman/.m2/repository/org/springframework/security/spring-security-rsa/1.0.10.RELEASE/spring-security-rsa-1.0.10.RELEASE.jar:/Users/jacobcoleman/.m2/repository/org/bouncycastle/bcpkix-jdk15on/1.68/bcpkix-jdk15on-1.68.jar:/Users/jacobcoleman/.m2/repository/org/bouncycastle/bcprov-jdk15on/1.68/bcprov-jdk15on-1.68.jar:/Users/jacobcoleman/.m2/repository/org/springframework/cloud/spring-cloud-starter-task/2.3.2/spring-cloud-starter-task-2.3.2.jar:/Users/jacobcoleman/.m2/repository/org/springframework/cloud/spring-cloud-task-core/2.3.2/spring-cloud-task-core-2.3.2.jar:/Users/jacobcoleman/.m2/repository/org/springframework/cloud/spring-cloud-deployer-autoconfigure/2.5.0/spring-cloud-deployer-autoconfigure-2.5.0.jar:/Users/jacobcoleman/.m2/repository/org/springframework/cloud/spring-cloud-deployer-resource-support/2.5.0/spring-cloud-deployer-resource-support-2.5.0.jar:/Users/jacobcoleman/.m2/repository/org/springframework/cloud/spring-cloud-task-batch/2.3.2/spring-cloud-task-batch-2.3.2.jar:/Users/jacobcoleman/.m2/repository/org/springframework/cloud/spring-cloud-task-stream/2.3.2/spring-cloud-task-stream-2.3.2.jar:/Users/jacobcoleman/.m2/repository/org/springframework/cloud/spring-cloud-deployer-spi/2.5.0/spring-cloud-deployer-spi-2.5.0.jar:/Users/jacobcoleman/.m2/repository/org/springframework/cloud/spring-cloud-starter-vault-config/3.0.3/spring-cloud-starter-vault-config-3.0.3.jar:/Users/jacobcoleman/.m2/repository/org/apache/httpcomponents/httpclient/4.5.13/httpclient-4.5.13.jar:/Users/jacobcoleman/.m2/repository/commons-codec/commons-codec/1.15/commons-codec-1.15.jar:/Users/jacobcoleman/.m2/repository/org/apache/httpcomponents/httpcore/4.4.14/httpcore-4.4.14.jar:/Users/jacobcoleman/.m2/repository/org/springframework/cloud/spring-cloud-vault-config/3.0.3/spring-cloud-vault-config-3.0.3.jar:/Users/jacobcoleman/.m2/repository/org/springframework/vault/spring-vault-core/2.3.2/spring-vault-core-2.3.2.jar:/Users/jacobcoleman/.m2/repository/org/springframework/cloud/spring-cloud-stream/3.1.3/spring-cloud-stream-3.1.3.jar:/Users/jacobcoleman/.m2/repository/org/springframework/integration/spring-integration-jmx/5.5.1/spring-integration-jmx-5.5.1.jar:/Users/jacobcoleman/.m2/repository/org/springframework/retry/spring-retry/1.3.1/spring-retry-1.3.1.jar:/Users/jacobcoleman/.m2/repository/javax/annotation/javax.annotation-api/1.3.2/javax.annotation-api-1.3.2.jar:/Users/jacobcoleman/.m2/repository/org/springframework/cloud/spring-cloud-function-context/3.1.3/spring-cloud-function-context-3.1.3.jar:/Users/jacobcoleman/.m2/repository/net/jodah/typetools/0.6.2/typetools-0.6.2.jar:/Users/jacobcoleman/.m2/repository/org/springframework/cloud/spring-cloud-function-core/3.1.3/spring-cloud-function-core-3.1.3.jar:/Users/jacobcoleman/.m2/repository/org/springframework/integration/spring-integration-jdbc/5.5.1/spring-integration-jdbc-5.5.1.jar:/Users/jacobcoleman/.m2/repository/org/springframework/spring-jdbc/5.3.8/spring-jdbc-5.3.8.jar:/Users/jacobcoleman/.m2/repository/org/springframework/integration/spring-integration-jpa/5.5.1/spring-integration-jpa-5.5.1.jar:/Users/jacobcoleman/.m2/repository/org/springframework/spring-orm/5.3.8/spring-orm-5.3.8.jar:/Users/jacobcoleman/.m2/repository/org/springframework/integration/spring-integration-mail/5.5.1/spring-integration-mail-5.5.1.jar:/Users/jacobcoleman/.m2/repository/org/springframework/integration/spring-integration-rsocket/5.5.1/spring-integration-rsocket-5.5.1.jar:/Users/jacobcoleman/.m2/repository/org/springframework/integration/spring-integration-security/5.5.1/spring-integration-security-5.5.1.jar:/Users/jacobcoleman/.m2/repository/org/springframework/integration/spring-integration-stomp/5.5.1/spring-integration-stomp-5.5.1.jar:/Users/jacobcoleman/.m2/repository/org/springframework/integration/spring-integration-websocket/5.5.1/spring-integration-websocket-5.5.1.jar:/Users/jacobcoleman/.m2/repository/org/springframework/integration/spring-integration-ws/5.5.1/spring-integration-ws-5.5.1.jar:/Users/jacobcoleman/.m2/repository/org/springframework/spring-webmvc/5.3.8/spring-webmvc-5.3.8.jar:/Users/jacobcoleman/.m2/repository/org/springframework/security/spring-security-messaging/5.5.1/spring-security-messaging-5.5.1.jar:/Users/jacobcoleman/.m2/repository/org/springframework/spring-beans/5.3.8/spring-beans-5.3.8.jar:/Users/jacobcoleman/.m2/repository/org/springframework/spring-context/5.3.8/spring-context-5.3.8.jar:/Users/jacobcoleman/.m2/repository/org/springframework/spring-core/5.3.8/spring-core-5.3.8.jar:/Users/jacobcoleman/.m2/repository/org/springframework/spring-jcl/5.3.8/spring-jcl-5.3.8.jar:/Users/jacobcoleman/.m2/repository/org/springframework/spring-expression/5.3.8/spring-expression-5.3.8.jar:/Users/jacobcoleman/.m2/repository/org/springframework/security/spring-security-rsocket/5.5.1/spring-security-rsocket-5.5.1.jar:/Users/jacobcoleman/.m2/repository/org/postgresql/postgresql/42.2.22/postgresql-42.2.22.jar:/Users/jacobcoleman/.m2/repository/org/checkerframework/checker-qual/3.5.0/checker-qual-3.5.0.jar:/Users/jacobcoleman/.m2/repository/org/projectlombok/lombok/1.18.20/lombok-1.18.20.jar:/Users/jacobcoleman/.m2/repository/org/springframework/boot/spring-boot-starter-test/2.5.2/spring-boot-starter-test-2.5.2.jar:/Users/jacobcoleman/.m2/repository/org/springframework/boot/spring-boot-test/2.5.2/spring-boot-test-2.5.2.jar:/Users/jacobcoleman/.m2/repository/org/springframework/boot/spring-boot-test-autoconfigure/2.5.2/spring-boot-test-autoconfigure-2.5.2.jar:/Users/jacobcoleman/.m2/repository/com/jayway/jsonpath/json-path/2.5.0/json-path-2.5.0.jar:/Users/jacobcoleman/.m2/repository/net/minidev/json-smart/2.4.7/json-smart-2.4.7.jar:/Users/jacobcoleman/.m2/repository/net/minidev/accessors-smart/2.4.7/accessors-smart-2.4.7.jar:/Users/jacobcoleman/.m2/repository/org/ow2/asm/asm/9.1/asm-9.1.jar:/Users/jacobcoleman/.m2/repository/jakarta/xml/bind/jakarta.xml.bind-api/2.3.3/jakarta.xml.bind-api-2.3.3.jar:/Users/jacobcoleman/.m2/repository/jakarta/activation/jakarta.activation-api/1.2.2/jakarta.activation-api-1.2.2.jar:/Users/jacobcoleman/.m2/repository/org/assertj/assertj-core/3.19.0/assertj-core-3.19.0.jar:/Users/jacobcoleman/.m2/repository/org/hamcrest/hamcrest/2.2/hamcrest-2.2.jar:/Users/jacobcoleman/.m2/repository/org/junit/jupiter/junit-jupiter/5.7.2/junit-jupiter-5.7.2.jar:/Users/jacobcoleman/.m2/repository/org/junit/jupiter/junit-jupiter-api/5.7.2/junit-jupiter-api-5.7.2.jar:/Users/jacobcoleman/.m2/repository/org/apiguardian/apiguardian-api/1.1.0/apiguardian-api-1.1.0.jar:/Users/jacobcoleman/.m2/repository/org/opentest4j/opentest4j/1.2.0/opentest4j-1.2.0.jar:/Users/jacobcoleman/.m2/repository/org/junit/platform/junit-platform-commons/1.7.2/junit-platform-commons-1.7.2.jar:/Users/jacobcoleman/.m2/repository/org/junit/jupiter/junit-jupiter-params/5.7.2/junit-jupiter-params-5.7.2.jar:/Users/jacobcoleman/.m2/repository/org/junit/jupiter/junit-jupiter-engine/5.7.2/junit-jupiter-engine-5.7.2.jar:/Users/jacobcoleman/.m2/repository/org/junit/platform/junit-platform-engine/1.7.2/junit-platform-engine-1.7.2.jar:/Users/jacobcoleman/.m2/repository/org/mockito/mockito-core/3.9.0/mockito-core-3.9.0.jar:/Users/jacobcoleman/.m2/repository/net/bytebuddy/byte-buddy-agent/1.10.22/byte-buddy-agent-1.10.22.jar:/Users/jacobcoleman/.m2/repository/org/objenesis/objenesis/3.2/objenesis-3.2.jar:/Users/jacobcoleman/.m2/repository/org/mockito/mockito-junit-jupiter/3.9.0/mockito-junit-jupiter-3.9.0.jar:/Users/jacobcoleman/.m2/repository/org/skyscreamer/jsonassert/1.5.0/jsonassert-1.5.0.jar:/Users/jacobcoleman/.m2/repository/com/vaadin/external/google/android-json/0.0.20131108.vaadin1/android-json-0.0.20131108.vaadin1.jar:/Users/jacobcoleman/.m2/repository/org/springframework/spring-test/5.3.8/spring-test-5.3.8.jar:/Users/jacobcoleman/.m2/repository/org/xmlunit/xmlunit-core/2.8.2/xmlunit-core-2.8.2.jar:/Users/jacobcoleman/.m2/repository/io/projectreactor/reactor-test/3.4.7/reactor-test-3.4.7.jar:/Users/jacobcoleman/.m2/repository/io/projectreactor/reactor-core/3.4.7/reactor-core-3.4.7.jar:/Users/jacobcoleman/.m2/repository/org/reactivestreams/reactive-streams/1.0.3/reactive-streams-1.0.3.jar:/Users/jacobcoleman/.m2/repository/org/springframework/batch/spring-batch-test/4.3.3/spring-batch-test-4.3.3.jar:/Users/jacobcoleman/.m2/repository/junit/junit/4.13.2/junit-4.13.2.jar:/Users/jacobcoleman/.m2/repository/org/hamcrest/hamcrest-core/2.2/hamcrest-core-2.2.jar:/Users/jacobcoleman/.m2/repository/org/springframework/cloud/spring-cloud-stream/3.1.3/spring-cloud-stream-3.1.3-test-binder.jar:/Users/jacobcoleman/.m2/repository/org/springframework/integration/spring-integration-test/5.5.1/spring-integration-test-5.5.1.jar:/Users/jacobcoleman/.m2/repository/org/springframework/integration/spring-integration-test-support/5.5.1/spring-integration-test-support-5.5.1.jar:/Users/jacobcoleman/.m2/repository/org/hamcrest/hamcrest-library/2.2/hamcrest-library-2.2.jar:/Users/jacobcoleman/.m2/repository/org/springframework/restdocs/spring-restdocs-mockmvc/2.0.5.RELEASE/spring-restdocs-mockmvc-2.0.5.RELEASE.jar:/Users/jacobcoleman/.m2/repository/javax/servlet/javax.servlet-api/4.0.1/javax.servlet-api-4.0.1.jar:/Users/jacobcoleman/.m2/repository/org/springframework/restdocs/spring-restdocs-core/2.0.5.RELEASE/spring-restdocs-core-2.0.5.RELEASE.jar:/Users/jacobcoleman/.m2/repository/org/springframework/security/spring-security-test/5.5.1/spring-security-test-5.5.1.jar:"/>
    <property name="sun.cpu.endian" value="little"/>
    <property name="user.home" value="/Users/jacobcoleman"/>
    <property name="user.language" value="en"/>
    <property name="java.specification.vendor" value="Oracle Corporation"/>
    <property name="java.version.date" value="2021-04-20"/>
    <property name="java.home" value="/usr/local/Cellar/openjdk/16.0.1/libexec/openjdk.jdk/Contents/Home"/>
    <property name="file.separator" value="/"/>
    <property name="basedir" value="/Users/jacobcoleman/git/ATC2"/>
    <property name="java.vm.compressedOopsMode" value="Zero based"/>
    <property name="line.separator" value="&#10;"/>
    <property name="java.specification.name" value="Java Platform API Specification"/>
    <property name="java.vm.specification.vendor" value="Oracle Corporation"/>
    <property name="surefire.real.class.path" value="/Users/jacobcoleman/git/ATC2/target/surefire/surefirebooter9316549870303774862.jar"/>
    <property name="sun.management.compiler" value="HotSpot 64-Bit Tiered Compilers"/>
    <property name="ftp.nonProxyHosts" value="local|*.local|169.254/16|*.169.254/16"/>
    <property name="java.runtime.version" value="16.0.1+0"/>
    <property name="user.name" value="jacobcoleman"/>
    <property name="path.separator" value=":"/>
    <property name="os.version" value="11.4"/>
    <property name="java.runtime.name" value="OpenJDK Runtime Environment"/>
    <property name="file.encoding" value="UTF-8"/>
    <property name="java.vm.name" value="OpenJDK 64-Bit Server VM"/>
    <property name="java.vendor.version" value="Homebrew"/>
    <property name="localRepository" value="/Users/jacobcoleman/.m2/repository"/>
    <property name="java.vendor.url.bug" value="https://github.com/Homebrew/homebrew-core/issues"/>
    <property name="java.io.tmpdir" value="/var/folders/6j/knzskgrn7sl7nls86frbx84w0000gn/T/"/>
    <property name="java.version" value="16.0.1"/>
    <property name="user.dir" value="/Users/jacobcoleman/git/ATC2"/>
    <property name="os.arch" value="x86_64"/>
    <property name="java.vm.specification.name" value="Java Virtual Machine Specification"/>
    <property name="java.library.path" value="/Users/jacobcoleman/Library/Java/Extensions:/Library/Java/Extensions:/Network/Library/Java/Extensions:/System/Library/Java/Extensions:/usr/lib/java:."/>
    <property name="java.vm.info" value="mixed mode, sharing"/>
    <property name="java.vendor" value="Homebrew"/>
    <property name="java.vm.version" value="16.0.1+0"/>
    <property name="sun.io.unicode.encoding" value="UnicodeBig"/>
    <property name="socksNonProxyHosts" value="local|*.local|169.254/16|*.169.254/16"/>
    <property name="java.class.version" value="60.0"/>
  </properties>
  <testcase name="contextLoads" classname="utc.edu.atc2.Atc2ApplicationTests" time="0.002">
    <error message="Failed to load ApplicationContext" type="java.lang.IllegalStateException">java.lang.IllegalStateException: Failed to load ApplicationContext
Caused by: org.springframework.beans.factory.BeanCreationException: Error creating bean with name 'liquibase' defined in class path resource [org/springframework/boot/autoconfigure/liquibase/LiquibaseAutoConfiguration$LiquibaseConfiguration.class]: Bean instantiation via factory method failed; nested exception is org.springframework.beans.BeanInstantiationException: Failed to instantiate [liquibase.integration.spring.SpringLiquibase]: Factory method 'liquibase' threw exception; nested exception is org.springframework.beans.factory.BeanCreationException: Error creating bean with name 'dataSource' defined in class path resource [org/springframework/boot/autoconfigure/jdbc/DataSourceConfiguration$Hikari.class]: Bean instantiation via factory method failed; nested exception is org.springframework.beans.BeanInstantiationException: Failed to instantiate [com.zaxxer.hikari.HikariDataSource]: Factory method 'dataSource' threw exception; nested exception is org.springframework.boot.autoconfigure.jdbc.DataSourceProperties$DataSourceBeanCreationException: Failed to determine a suitable driver class
Caused by: org.springframework.beans.BeanInstantiationException: Failed to instantiate [liquibase.integration.spring.SpringLiquibase]: Factory method 'liquibase' threw exception; nested exception is org.springframework.beans.factory.BeanCreationException: Error creating bean with name 'dataSource' defined in class path resource [org/springframework/boot/autoconfigure/jdbc/DataSourceConfiguration$Hikari.class]: Bean instantiation via factory method failed; nested exception is org.springframework.beans.BeanInstantiationException: Failed to instantiate [com.zaxxer.hikari.HikariDataSource]: Factory method 'dataSource' threw exception; nested exception is org.springframework.boot.autoconfigure.jdbc.DataSourceProperties$DataSourceBeanCreationException: Failed to determine a suitable driver class
Caused by: org.springframework.beans.factory.BeanCreationException: Error creating bean with name 'dataSource' defined in class path resource [org/springframework/boot/autoconfigure/jdbc/DataSourceConfiguration$Hikari.class]: Bean instantiation via factory method failed; nested exception is org.springframework.beans.BeanInstantiationException: Failed to instantiate [com.zaxxer.hikari.HikariDataSource]: Factory method 'dataSource' threw exception; nested exception is org.springframework.boot.autoconfigure.jdbc.DataSourceProperties$DataSourceBeanCreationException: Failed to determine a suitable driver class
Caused by: org.springframework.beans.BeanInstantiationException: Failed to instantiate [com.zaxxer.hikari.HikariDataSource]: Factory method 'dataSource' threw exception; nested exception is org.springframework.boot.autoconfigure.jdbc.DataSourceProperties$DataSourceBeanCreationException: Failed to determine a suitable driver class
Caused by: org.springframework.boot.autoconfigure.jdbc.DataSourceProperties$DataSourceBeanCreationException: Failed to determine a suitable driver class
</error>
    <system-out><![CDATA[20:50:58.963 [main] DEBUG org.springframework.test.context.BootstrapUtils - Instantiating CacheAwareContextLoaderDelegate from class [org.springframework.test.context.cache.DefaultCacheAwareContextLoaderDelegate]
20:50:58.978 [main] DEBUG org.springframework.test.context.BootstrapUtils - Instantiating BootstrapContext using constructor [public org.springframework.test.context.support.DefaultBootstrapContext(java.lang.Class,org.springframework.test.context.CacheAwareContextLoaderDelegate)]
20:50:59.068 [main] DEBUG org.springframework.test.context.BootstrapUtils - Instantiating TestContextBootstrapper for test class [utc.edu.atc2.Atc2ApplicationTests] from class [org.springframework.boot.test.context.SpringBootTestContextBootstrapper]
20:50:59.104 [main] INFO org.springframework.boot.test.context.SpringBootTestContextBootstrapper - Neither @ContextConfiguration nor @ContextHierarchy found for test class [utc.edu.atc2.Atc2ApplicationTests], using SpringBootContextLoader
20:50:59.115 [main] DEBUG org.springframework.test.context.support.AbstractContextLoader - Did not detect default resource location for test class [utc.edu.atc2.Atc2ApplicationTests]: class path resource [utc/edu/atc2/Atc2ApplicationTests-context.xml] does not exist
20:50:59.117 [main] DEBUG org.springframework.test.context.support.AbstractContextLoader - Did not detect default resource location for test class [utc.edu.atc2.Atc2ApplicationTests]: class path resource [utc/edu/atc2/Atc2ApplicationTestsContext.groovy] does not exist
20:50:59.117 [main] INFO org.springframework.test.context.support.AbstractContextLoader - Could not detect default resource locations for test class [utc.edu.atc2.Atc2ApplicationTests]: no resource found for suffixes {-context.xml, Context.groovy}.
20:50:59.119 [main] INFO org.springframework.test.context.support.AnnotationConfigContextLoaderUtils - Could not detect default configuration classes for test class [utc.edu.atc2.Atc2ApplicationTests]: Atc2ApplicationTests does not declare any static, non-private, non-final, nested classes annotated with @Configuration.
20:50:59.274 [main] DEBUG org.springframework.test.context.support.ActiveProfilesUtils - Could not find an 'annotation declaring class' for annotation type [org.springframework.test.context.ActiveProfiles] and class [utc.edu.atc2.Atc2ApplicationTests]
20:50:59.386 [main] DEBUG org.springframework.context.annotation.ClassPathScanningCandidateComponentProvider - Identified candidate component class: file [/Users/jacobcoleman/git/ATC2/target/classes/utc/edu/atc2/Atc2Application.class]
20:50:59.387 [main] INFO org.springframework.boot.test.context.SpringBootTestContextBootstrapper - Found @SpringBootConfiguration utc.edu.atc2.Atc2Application for test class utc.edu.atc2.Atc2ApplicationTests
20:50:59.526 [main] DEBUG org.springframework.boot.test.context.SpringBootTestContextBootstrapper - @TestExecutionListeners is not present for class [utc.edu.atc2.Atc2ApplicationTests]: using defaults.
20:50:59.526 [main] INFO org.springframework.boot.test.context.SpringBootTestContextBootstrapper - Loaded default TestExecutionListener class names from location [META-INF/spring.factories]: [org.springframework.boot.test.mock.mockito.MockitoTestExecutionListener, org.springframework.boot.test.mock.mockito.ResetMocksTestExecutionListener, org.springframework.boot.test.autoconfigure.restdocs.RestDocsTestExecutionListener, org.springframework.boot.test.autoconfigure.web.client.MockRestServiceServerResetTestExecutionListener, org.springframework.boot.test.autoconfigure.web.servlet.MockMvcPrintOnlyOnFailureTestExecutionListener, org.springframework.boot.test.autoconfigure.web.servlet.WebDriverTestExecutionListener, org.springframework.boot.test.autoconfigure.webservices.client.MockWebServiceServerTestExecutionListener, org.springframework.test.context.web.ServletTestExecutionListener, org.springframework.test.context.support.DirtiesContextBeforeModesTestExecutionListener, org.springframework.test.context.event.ApplicationEventsTestExecutionListener, org.springframework.test.context.support.DependencyInjectionTestExecutionListener, org.springframework.test.context.support.DirtiesContextTestExecutionListener, org.springframework.test.context.transaction.TransactionalTestExecutionListener, org.springframework.test.context.jdbc.SqlScriptsTestExecutionListener, org.springframework.test.context.event.EventPublishingTestExecutionListener, org.springframework.security.test.context.support.WithSecurityContextTestExecutionListener, org.springframework.security.test.context.support.ReactorContextTestExecutionListener]
20:50:59.557 [main] INFO org.springframework.boot.test.context.SpringBootTestContextBootstrapper - Using TestExecutionListeners: [org.springframework.test.context.web.ServletTestExecutionListener@2766ca9d, org.springframework.test.context.support.DirtiesContextBeforeModesTestExecutionListener@5460cf3a, org.springframework.test.context.event.ApplicationEventsTestExecutionListener@65a15628, org.springframework.boot.test.mock.mockito.MockitoTestExecutionListener@2e6a5539, org.springframework.boot.test.autoconfigure.SpringBootDependencyInjectionTestExecutionListener@3fc9504b, org.springframework.test.context.support.DirtiesContextTestExecutionListener@6d025197, org.springframework.test.context.transaction.TransactionalTestExecutionListener@27d4a09, org.springframework.test.context.jdbc.SqlScriptsTestExecutionListener@7e4204e2, org.springframework.test.context.event.EventPublishingTestExecutionListener@b7c4869, org.springframework.security.test.context.support.WithSecurityContextTestExecutionListener@740d2e78, org.springframework.security.test.context.support.ReactorContextTestExecutionListener@1c481ff2, org.springframework.boot.test.mock.mockito.ResetMocksTestExecutionListener@72437d8d, org.springframework.boot.test.autoconfigure.restdocs.RestDocsTestExecutionListener@1b955cac, org.springframework.boot.test.autoconfigure.web.client.MockRestServiceServerResetTestExecutionListener@676cf48, org.springframework.boot.test.autoconfigure.web.servlet.MockMvcPrintOnlyOnFailureTestExecutionListener@5a1de7fb, org.springframework.boot.test.autoconfigure.web.servlet.WebDriverTestExecutionListener@335b5620, org.springframework.boot.test.autoconfigure.webservices.client.MockWebServiceServerTestExecutionListener@29a0cdb]
20:50:59.563 [main] DEBUG org.springframework.test.context.support.AbstractDirtiesContextTestExecutionListener - Before test class: context [DefaultTestContext@41709512 testClass = Atc2ApplicationTests, testInstance = [null], testMethod = [null], testException = [null], mergedContextConfiguration = [WebMergedContextConfiguration@42039326 testClass = Atc2ApplicationTests, locations = '{}', classes = '{class utc.edu.atc2.Atc2Application}', contextInitializerClasses = '[]', activeProfiles = '{}', propertySourceLocations = '{}', propertySourceProperties = '{org.springframework.boot.test.context.SpringBootTestContextBootstrapper=true}', contextCustomizers = set[org.springframework.boot.test.context.filter.ExcludeFilterContextCustomizer@5e600dd5, org.springframework.boot.test.json.DuplicateJsonObjectContextCustomizerFactory$DuplicateJsonObjectContextCustomizer@2e3967ea, org.springframework.boot.test.mock.mockito.MockitoContextCustomizer@0, org.springframework.boot.test.web.client.TestRestTemplateContextCustomizer@6340e5f0, org.springframework.boot.test.autoconfigure.actuate.metrics.MetricsExportContextCustomizerFactory$DisableMetricExportContextCustomizer@1a6d8329, org.springframework.boot.test.autoconfigure.properties.PropertyMappingContextCustomizer@0, org.springframework.boot.test.autoconfigure.web.servlet.WebDriverContextCustomizerFactory$Customizer@5b1669c0, org.springframework.boot.test.context.SpringBootTestArgs@1, org.springframework.boot.test.context.SpringBootTestWebEnvironment@31f924f5], resourceBasePath = 'src/main/webapp', contextLoader = 'org.springframework.boot.test.context.SpringBootContextLoader', parent = [null]], attributes = map['org.springframework.test.context.web.ServletTestExecutionListener.activateListener' -> true]], class annotated with @DirtiesContext [false] with mode [null].
20:50:59.619 [main] DEBUG org.springframework.test.context.support.TestPropertySourceUtils - Adding inlined properties to environment: {spring.jmx.enabled=false, org.springframework.boot.test.context.SpringBootTestContextBootstrapper=true}

  .   ____          _            __ _ _
 /\\ / ___'_ __ _ _(_)_ __  __ _ \ \ \ \
( ( )\___ | '_ | '_| | '_ \/ _` | \ \ \ \
 \\/  ___)| |_)| | | | | || (_| |  ) ) ) )
  '  |____| .__|_| |_|_| |_\__, | / / / /
 =========|_|==============|___/=/_/_/_/
 :: Spring Boot ::                (v2.5.2)

2021-06-27 20:51:00.324  INFO 19928 --- [           main] utc.edu.atc2.Atc2ApplicationTests        : Starting Atc2ApplicationTests using Java 16.0.1 on jacobcolemans-MacBook-Pro.local with PID 19928 (started by jacobcoleman in /Users/jacobcoleman/git/ATC2)
2021-06-27 20:51:00.326  INFO 19928 --- [           main] utc.edu.atc2.Atc2ApplicationTests        : No active profile set, falling back to default profiles: default
2021-06-27 20:51:01.800  INFO 19928 --- [           main] .s.d.r.c.RepositoryConfigurationDelegate : Multiple Spring Data modules found, entering strict repository configuration mode!
2021-06-27 20:51:01.801  INFO 19928 --- [           main] .s.d.r.c.RepositoryConfigurationDelegate : Bootstrapping Spring Data JDBC repositories in DEFAULT mode.
2021-06-27 20:51:01.811  INFO 19928 --- [           main] .s.d.r.c.RepositoryConfigurationDelegate : Finished Spring Data repository scanning in 5 ms. Found 0 JDBC repository interfaces.
2021-06-27 20:51:01.824  INFO 19928 --- [           main] .s.d.r.c.RepositoryConfigurationDelegate : Multiple Spring Data modules found, entering strict repository configuration mode!
2021-06-27 20:51:01.825  INFO 19928 --- [           main] .s.d.r.c.RepositoryConfigurationDelegate : Bootstrapping Spring Data JPA repositories in DEFAULT mode.
2021-06-27 20:51:01.834  INFO 19928 --- [           main] .s.d.r.c.RepositoryConfigurationDelegate : Finished Spring Data repository scanning in 1 ms. Found 0 JPA repository interfaces.
2021-06-27 20:51:02.194  INFO 19928 --- [           main] o.s.cloud.context.scope.GenericScope     : BeanFactory id=1ea863ca-3772-38ab-b693-9af101e75d81
2021-06-27 20:51:02.356  INFO 19928 --- [           main] faultConfiguringBeanFactoryPostProcessor : No bean named 'errorChannel' has been explicitly defined. Therefore, a default PublishSubscribeChannel will be created.
2021-06-27 20:51:02.368  INFO 19928 --- [           main] faultConfiguringBeanFactoryPostProcessor : No bean named 'integrationHeaderChannelRegistry' has been explicitly defined. Therefore, a default DefaultHeaderChannelRegistry will be created.
2021-06-27 20:51:02.497  INFO 19928 --- [           main] trationDelegate$BeanPostProcessorChecker : Bean 'org.springframework.ws.config.annotation.DelegatingWsConfiguration' of type [org.springframework.ws.config.annotation.DelegatingWsConfiguration$$EnhancerBySpringCGLIB$$7d0cc8f7] is not eligible for getting processed by all BeanPostProcessors (for example: not eligible for auto-proxying)
2021-06-27 20:51:02.592  INFO 19928 --- [           main] .w.s.a.s.AnnotationActionEndpointMapping : Supporting [WS-Addressing August 2004, WS-Addressing 1.0]
2021-06-27 20:51:02.805  INFO 19928 --- [           main] trationDelegate$BeanPostProcessorChecker : Bean 'org.springframework.integration.config.IntegrationManagementConfiguration' of type [org.springframework.integration.config.IntegrationManagementConfiguration] is not eligible for getting processed by all BeanPostProcessors (for example: not eligible for auto-proxying)
2021-06-27 20:51:02.832  INFO 19928 --- [           main] trationDelegate$BeanPostProcessorChecker : Bean 'integrationChannelResolver' of type [org.springframework.integration.support.channel.BeanFactoryChannelResolver] is not eligible for getting processed by all BeanPostProcessors (for example: not eligible for auto-proxying)
2021-06-27 20:51:02.837  INFO 19928 --- [           main] trationDelegate$BeanPostProcessorChecker : Bean 'integrationDisposableAutoCreatedBeans' of type [org.springframework.integration.config.annotation.Disposables] is not eligible for getting processed by all BeanPostProcessors (for example: not eligible for auto-proxying)
2021-06-27 20:51:02.989  WARN 19928 --- [           main] o.s.w.c.s.GenericWebApplicationContext   : Exception encountered during context initialization - cancelling refresh attempt: org.springframework.beans.factory.BeanCreationException: Error creating bean with name 'liquibase' defined in class path resource [org/springframework/boot/autoconfigure/liquibase/LiquibaseAutoConfiguration$LiquibaseConfiguration.class]: Bean instantiation via factory method failed; nested exception is org.springframework.beans.BeanInstantiationException: Failed to instantiate [liquibase.integration.spring.SpringLiquibase]: Factory method 'liquibase' threw exception; nested exception is org.springframework.beans.factory.BeanCreationException: Error creating bean with name 'dataSource' defined in class path resource [org/springframework/boot/autoconfigure/jdbc/DataSourceConfiguration$Hikari.class]: Bean instantiation via factory method failed; nested exception is org.springframework.beans.BeanInstantiationException: Failed to instantiate [com.zaxxer.hikari.HikariDataSource]: Factory method 'dataSource' threw exception; nested exception is org.springframework.boot.autoconfigure.jdbc.DataSourceProperties$DataSourceBeanCreationException: Failed to determine a suitable driver class
2021-06-27 20:51:03.010  INFO 19928 --- [           main] ConditionEvaluationReportLoggingListener : 

Error starting ApplicationContext. To display the conditions report re-run your application with 'debug' enabled.
2021-06-27 20:51:03.027 ERROR 19928 --- [           main] o.s.b.d.LoggingFailureAnalysisReporter   : 

***************************
APPLICATION FAILED TO START
***************************

Description:

Failed to configure a DataSource: 'url' attribute is not specified and no embedded datasource could be configured.

Reason: Failed to determine a suitable driver class


Action:

Consider the following:
	If you want an embedded database (H2, HSQL or Derby), please put it on the classpath.
	If you have database settings to be loaded from a particular profile you may need to activate it (no profiles are currently active).

2021-06-27 20:51:03.035 ERROR 19928 --- [           main] o.s.test.context.TestContextManager      : Caught exception while allowing TestExecutionListener [org.springframework.test.context.web.ServletTestExecutionListener@2766ca9d] to prepare test instance [utc.edu.atc2.Atc2ApplicationTests@661e1399]

java.lang.IllegalStateException: Failed to load ApplicationContext
	at org.springframework.test.context.cache.DefaultCacheAwareContextLoaderDelegate.loadContext(DefaultCacheAwareContextLoaderDelegate.java:132) ~[spring-test-5.3.8.jar:5.3.8]
	at org.springframework.test.context.support.DefaultTestContext.getApplicationContext(DefaultTestContext.java:124) ~[spring-test-5.3.8.jar:5.3.8]
	at org.springframework.test.context.web.ServletTestExecutionListener.setUpRequestContextIfNecessary(ServletTestExecutionListener.java:190) ~[spring-test-5.3.8.jar:5.3.8]
	at org.springframework.test.context.web.ServletTestExecutionListener.prepareTestInstance(ServletTestExecutionListener.java:132) ~[spring-test-5.3.8.jar:5.3.8]
	at org.springframework.test.context.TestContextManager.prepareTestInstance(TestContextManager.java:244) ~[spring-test-5.3.8.jar:5.3.8]
	at org.springframework.test.context.junit.jupiter.SpringExtension.postProcessTestInstance(SpringExtension.java:138) ~[spring-test-5.3.8.jar:5.3.8]
	at org.junit.jupiter.engine.descriptor.ClassBasedTestDescriptor.lambda$invokeTestInstancePostProcessors$6(ClassBasedTestDescriptor.java:350) ~[junit-jupiter-engine-5.7.2.jar:5.7.2]
	at org.junit.jupiter.engine.descriptor.ClassBasedTestDescriptor.executeAndMaskThrowable(ClassBasedTestDescriptor.java:355) ~[junit-jupiter-engine-5.7.2.jar:5.7.2]
	at org.junit.jupiter.engine.descriptor.ClassBasedTestDescriptor.lambda$invokeTestInstancePostProcessors$7(ClassBasedTestDescriptor.java:350) ~[junit-jupiter-engine-5.7.2.jar:5.7.2]
	at java.base/java.util.stream.ReferencePipeline$3$1.accept(ReferencePipeline.java:197) ~[na:na]
	at java.base/java.util.stream.ReferencePipeline$2$1.accept(ReferencePipeline.java:179) ~[na:na]
	at java.base/java.util.ArrayList$ArrayListSpliterator.forEachRemaining(ArrayList.java:1625) ~[na:na]
	at java.base/java.util.stream.AbstractPipeline.copyInto(AbstractPipeline.java:484) ~[na:na]
	at java.base/java.util.stream.AbstractPipeline.wrapAndCopyInto(AbstractPipeline.java:474) ~[na:na]
	at java.base/java.util.stream.StreamSpliterators$WrappingSpliterator.forEachRemaining(StreamSpliterators.java:312) ~[na:na]
	at java.base/java.util.stream.Streams$ConcatSpliterator.forEachRemaining(Streams.java:735) ~[na:na]
	at java.base/java.util.stream.Streams$ConcatSpliterator.forEachRemaining(Streams.java:734) ~[na:na]
	at java.base/java.util.stream.ReferencePipeline$Head.forEach(ReferencePipeline.java:762) ~[na:na]
	at org.junit.jupiter.engine.descriptor.ClassBasedTestDescriptor.invokeTestInstancePostProcessors(ClassBasedTestDescriptor.java:349) ~[junit-jupiter-engine-5.7.2.jar:5.7.2]
	at org.junit.jupiter.engine.descriptor.ClassBasedTestDescriptor.lambda$instantiateAndPostProcessTestInstance$4(ClassBasedTestDescriptor.java:270) ~[junit-jupiter-engine-5.7.2.jar:5.7.2]
	at org.junit.platform.engine.support.hierarchical.ThrowableCollector.execute(ThrowableCollector.java:73) ~[junit-platform-engine-1.7.2.jar:1.7.2]
	at org.junit.jupiter.engine.descriptor.ClassBasedTestDescriptor.instantiateAndPostProcessTestInstance(ClassBasedTestDescriptor.java:269) ~[junit-jupiter-engine-5.7.2.jar:5.7.2]
	at org.junit.jupiter.engine.descriptor.ClassBasedTestDescriptor.lambda$testInstancesProvider$2(ClassBasedTestDescriptor.java:259) ~[junit-jupiter-engine-5.7.2.jar:5.7.2]
	at java.base/java.util.Optional.orElseGet(Optional.java:364) ~[na:na]
	at org.junit.jupiter.engine.descriptor.ClassBasedTestDescriptor.lambda$testInstancesProvider$3(ClassBasedTestDescriptor.java:258) ~[junit-jupiter-engine-5.7.2.jar:5.7.2]
	at org.junit.jupiter.engine.execution.TestInstancesProvider.getTestInstances(TestInstancesProvider.java:31) ~[junit-jupiter-engine-5.7.2.jar:5.7.2]
	at org.junit.jupiter.engine.descriptor.TestMethodTestDescriptor.lambda$prepare$0(TestMethodTestDescriptor.java:101) ~[junit-jupiter-engine-5.7.2.jar:5.7.2]
	at org.junit.platform.engine.support.hierarchical.ThrowableCollector.execute(ThrowableCollector.java:73) ~[junit-platform-engine-1.7.2.jar:1.7.2]
	at org.junit.jupiter.engine.descriptor.TestMethodTestDescriptor.prepare(TestMethodTestDescriptor.java:100) ~[junit-jupiter-engine-5.7.2.jar:5.7.2]
	at org.junit.jupiter.engine.descriptor.TestMethodTestDescriptor.prepare(TestMethodTestDescriptor.java:65) ~[junit-jupiter-engine-5.7.2.jar:5.7.2]
	at org.junit.platform.engine.support.hierarchical.NodeTestTask.lambda$prepare$1(NodeTestTask.java:111) ~[junit-platform-engine-1.7.2.jar:1.7.2]
	at org.junit.platform.engine.support.hierarchical.ThrowableCollector.execute(ThrowableCollector.java:73) ~[junit-platform-engine-1.7.2.jar:1.7.2]
	at org.junit.platform.engine.support.hierarchical.NodeTestTask.prepare(NodeTestTask.java:111) ~[junit-platform-engine-1.7.2.jar:1.7.2]
	at org.junit.platform.engine.support.hierarchical.NodeTestTask.execute(NodeTestTask.java:79) ~[junit-platform-engine-1.7.2.jar:1.7.2]
	at java.base/java.util.ArrayList.forEach(ArrayList.java:1511) ~[na:na]
	at org.junit.platform.engine.support.hierarchical.SameThreadHierarchicalTestExecutorService.invokeAll(SameThreadHierarchicalTestExecutorService.java:38) ~[junit-platform-engine-1.7.2.jar:1.7.2]
	at org.junit.platform.engine.support.hierarchical.NodeTestTask.lambda$executeRecursively$5(NodeTestTask.java:143) ~[junit-platform-engine-1.7.2.jar:1.7.2]
	at org.junit.platform.engine.support.hierarchical.ThrowableCollector.execute(ThrowableCollector.java:73) ~[junit-platform-engine-1.7.2.jar:1.7.2]
	at org.junit.platform.engine.support.hierarchical.NodeTestTask.lambda$executeRecursively$7(NodeTestTask.java:129) ~[junit-platform-engine-1.7.2.jar:1.7.2]
	at org.junit.platform.engine.support.hierarchical.Node.around(Node.java:137) ~[junit-platform-engine-1.7.2.jar:1.7.2]
	at org.junit.platform.engine.support.hierarchical.NodeTestTask.lambda$executeRecursively$8(NodeTestTask.java:127) ~[junit-platform-engine-1.7.2.jar:1.7.2]
	at org.junit.platform.engine.support.hierarchical.ThrowableCollector.execute(ThrowableCollector.java:73) ~[junit-platform-engine-1.7.2.jar:1.7.2]
	at org.junit.platform.engine.support.hierarchical.NodeTestTask.executeRecursively(NodeTestTask.java:126) ~[junit-platform-engine-1.7.2.jar:1.7.2]
	at org.junit.platform.engine.support.hierarchical.NodeTestTask.execute(NodeTestTask.java:84) ~[junit-platform-engine-1.7.2.jar:1.7.2]
	at java.base/java.util.ArrayList.forEach(ArrayList.java:1511) ~[na:na]
	at org.junit.platform.engine.support.hierarchical.SameThreadHierarchicalTestExecutorService.invokeAll(SameThreadHierarchicalTestExecutorService.java:38) ~[junit-platform-engine-1.7.2.jar:1.7.2]
	at org.junit.platform.engine.support.hierarchical.NodeTestTask.lambda$executeRecursively$5(NodeTestTask.java:143) ~[junit-platform-engine-1.7.2.jar:1.7.2]
	at org.junit.platform.engine.support.hierarchical.ThrowableCollector.execute(ThrowableCollector.java:73) ~[junit-platform-engine-1.7.2.jar:1.7.2]
	at org.junit.platform.engine.support.hierarchical.NodeTestTask.lambda$executeRecursively$7(NodeTestTask.java:129) ~[junit-platform-engine-1.7.2.jar:1.7.2]
	at org.junit.platform.engine.support.hierarchical.Node.around(Node.java:137) ~[junit-platform-engine-1.7.2.jar:1.7.2]
	at org.junit.platform.engine.support.hierarchical.NodeTestTask.lambda$executeRecursively$8(NodeTestTask.java:127) ~[junit-platform-engine-1.7.2.jar:1.7.2]
	at org.junit.platform.engine.support.hierarchical.ThrowableCollector.execute(ThrowableCollector.java:73) ~[junit-platform-engine-1.7.2.jar:1.7.2]
	at org.junit.platform.engine.support.hierarchical.NodeTestTask.executeRecursively(NodeTestTask.java:126) ~[junit-platform-engine-1.7.2.jar:1.7.2]
	at org.junit.platform.engine.support.hierarchical.NodeTestTask.execute(NodeTestTask.java:84) ~[junit-platform-engine-1.7.2.jar:1.7.2]
	at org.junit.platform.engine.support.hierarchical.SameThreadHierarchicalTestExecutorService.submit(SameThreadHierarchicalTestExecutorService.java:32) ~[junit-platform-engine-1.7.2.jar:1.7.2]
	at org.junit.platform.engine.support.hierarchical.HierarchicalTestExecutor.execute(HierarchicalTestExecutor.java:57) ~[junit-platform-engine-1.7.2.jar:1.7.2]
	at org.junit.platform.engine.support.hierarchical.HierarchicalTestEngine.execute(HierarchicalTestEngine.java:51) ~[junit-platform-engine-1.7.2.jar:1.7.2]
	at org.junit.platform.launcher.core.DefaultLauncher.execute(DefaultLauncher.java:220) ~[junit-platform-launcher-1.3.1.jar:1.3.1]
	at org.junit.platform.launcher.core.DefaultLauncher.lambda$execute$6(DefaultLauncher.java:188) ~[junit-platform-launcher-1.3.1.jar:1.3.1]
	at org.junit.platform.launcher.core.DefaultLauncher.withInterceptedStreams(DefaultLauncher.java:202) ~[junit-platform-launcher-1.3.1.jar:1.3.1]
	at org.junit.platform.launcher.core.DefaultLauncher.execute(DefaultLauncher.java:181) ~[junit-platform-launcher-1.3.1.jar:1.3.1]
	at org.junit.platform.launcher.core.DefaultLauncher.execute(DefaultLauncher.java:128) ~[junit-platform-launcher-1.3.1.jar:1.3.1]
	at org.apache.maven.surefire.junitplatform.JUnitPlatformProvider.invokeAllTests(JUnitPlatformProvider.java:150) ~[surefire-junit-platform-2.22.2.jar:2.22.2]
	at org.apache.maven.surefire.junitplatform.JUnitPlatformProvider.invoke(JUnitPlatformProvider.java:124) ~[surefire-junit-platform-2.22.2.jar:2.22.2]
	at org.apache.maven.surefire.booter.ForkedBooter.invokeProviderInSameClassLoader(ForkedBooter.java:384) ~[surefire-booter-2.22.2.jar:2.22.2]
	at org.apache.maven.surefire.booter.ForkedBooter.runSuitesInProcess(ForkedBooter.java:345) ~[surefire-booter-2.22.2.jar:2.22.2]
	at org.apache.maven.surefire.booter.ForkedBooter.execute(ForkedBooter.java:126) ~[surefire-booter-2.22.2.jar:2.22.2]
	at org.apache.maven.surefire.booter.ForkedBooter.main(ForkedBooter.java:418) ~[surefire-booter-2.22.2.jar:2.22.2]
Caused by: org.springframework.beans.factory.BeanCreationException: Error creating bean with name 'liquibase' defined in class path resource [org/springframework/boot/autoconfigure/liquibase/LiquibaseAutoConfiguration$LiquibaseConfiguration.class]: Bean instantiation via factory method failed; nested exception is org.springframework.beans.BeanInstantiationException: Failed to instantiate [liquibase.integration.spring.SpringLiquibase]: Factory method 'liquibase' threw exception; nested exception is org.springframework.beans.factory.BeanCreationException: Error creating bean with name 'dataSource' defined in class path resource [org/springframework/boot/autoconfigure/jdbc/DataSourceConfiguration$Hikari.class]: Bean instantiation via factory method failed; nested exception is org.springframework.beans.BeanInstantiationException: Failed to instantiate [com.zaxxer.hikari.HikariDataSource]: Factory method 'dataSource' threw exception; nested exception is org.springframework.boot.autoconfigure.jdbc.DataSourceProperties$DataSourceBeanCreationException: Failed to determine a suitable driver class
	at org.springframework.beans.factory.support.ConstructorResolver.instantiate(ConstructorResolver.java:658) ~[spring-beans-5.3.8.jar:5.3.8]
	at org.springframework.beans.factory.support.ConstructorResolver.instantiateUsingFactoryMethod(ConstructorResolver.java:638) ~[spring-beans-5.3.8.jar:5.3.8]
	at org.springframework.beans.factory.support.AbstractAutowireCapableBeanFactory.instantiateUsingFactoryMethod(AbstractAutowireCapableBeanFactory.java:1334) ~[spring-beans-5.3.8.jar:5.3.8]
	at org.springframework.beans.factory.support.AbstractAutowireCapableBeanFactory.createBeanInstance(AbstractAutowireCapableBeanFactory.java:1177) ~[spring-beans-5.3.8.jar:5.3.8]
	at org.springframework.beans.factory.support.AbstractAutowireCapableBeanFactory.doCreateBean(AbstractAutowireCapableBeanFactory.java:564) ~[spring-beans-5.3.8.jar:5.3.8]
	at org.springframework.beans.factory.support.AbstractAutowireCapableBeanFactory.createBean(AbstractAutowireCapableBeanFactory.java:524) ~[spring-beans-5.3.8.jar:5.3.8]
	at org.springframework.beans.factory.support.AbstractBeanFactory.lambda$doGetBean$0(AbstractBeanFactory.java:335) ~[spring-beans-5.3.8.jar:5.3.8]
	at org.springframework.beans.factory.support.DefaultSingletonBeanRegistry.getSingleton(DefaultSingletonBeanRegistry.java:234) ~[spring-beans-5.3.8.jar:5.3.8]
	at org.springframework.beans.factory.support.AbstractBeanFactory.doGetBean(AbstractBeanFactory.java:333) ~[spring-beans-5.3.8.jar:5.3.8]
	at org.springframework.beans.factory.support.AbstractBeanFactory.getBean(AbstractBeanFactory.java:208) ~[spring-beans-5.3.8.jar:5.3.8]
	at org.springframework.beans.factory.support.AbstractBeanFactory.doGetBean(AbstractBeanFactory.java:322) ~[spring-beans-5.3.8.jar:5.3.8]
	at org.springframework.beans.factory.support.AbstractBeanFactory.getBean(AbstractBeanFactory.java:208) ~[spring-beans-5.3.8.jar:5.3.8]
	at org.springframework.context.support.AbstractApplicationContext.getBean(AbstractApplicationContext.java:1154) ~[spring-context-5.3.8.jar:5.3.8]
	at org.springframework.context.support.AbstractApplicationContext.finishBeanFactoryInitialization(AbstractApplicationContext.java:908) ~[spring-context-5.3.8.jar:5.3.8]
	at org.springframework.context.support.AbstractApplicationContext.refresh(AbstractApplicationContext.java:583) ~[spring-context-5.3.8.jar:5.3.8]
	at org.springframework.boot.SpringApplication.refresh(SpringApplication.java:754) ~[spring-boot-2.5.2.jar:2.5.2]
	at org.springframework.boot.SpringApplication.refreshContext(SpringApplication.java:434) ~[spring-boot-2.5.2.jar:2.5.2]
	at org.springframework.boot.SpringApplication.run(SpringApplication.java:338) ~[spring-boot-2.5.2.jar:2.5.2]
	at org.springframework.boot.test.context.SpringBootContextLoader.loadContext(SpringBootContextLoader.java:123) ~[spring-boot-test-2.5.2.jar:2.5.2]
	at org.springframework.test.context.cache.DefaultCacheAwareContextLoaderDelegate.loadContextInternal(DefaultCacheAwareContextLoaderDelegate.java:99) ~[spring-test-5.3.8.jar:5.3.8]
	at org.springframework.test.context.cache.DefaultCacheAwareContextLoaderDelegate.loadContext(DefaultCacheAwareContextLoaderDelegate.java:124) ~[spring-test-5.3.8.jar:5.3.8]
	... 67 common frames omitted
Caused by: org.springframework.beans.BeanInstantiationException: Failed to instantiate [liquibase.integration.spring.SpringLiquibase]: Factory method 'liquibase' threw exception; nested exception is org.springframework.beans.factory.BeanCreationException: Error creating bean with name 'dataSource' defined in class path resource [org/springframework/boot/autoconfigure/jdbc/DataSourceConfiguration$Hikari.class]: Bean instantiation via factory method failed; nested exception is org.springframework.beans.BeanInstantiationException: Failed to instantiate [com.zaxxer.hikari.HikariDataSource]: Factory method 'dataSource' threw exception; nested exception is org.springframework.boot.autoconfigure.jdbc.DataSourceProperties$DataSourceBeanCreationException: Failed to determine a suitable driver class
	at org.springframework.beans.factory.support.SimpleInstantiationStrategy.instantiate(SimpleInstantiationStrategy.java:185) ~[spring-beans-5.3.8.jar:5.3.8]
	at org.springframework.beans.factory.support.ConstructorResolver.instantiate(ConstructorResolver.java:653) ~[spring-beans-5.3.8.jar:5.3.8]
	... 87 common frames omitted
Caused by: org.springframework.beans.factory.BeanCreationException: Error creating bean with name 'dataSource' defined in class path resource [org/springframework/boot/autoconfigure/jdbc/DataSourceConfiguration$Hikari.class]: Bean instantiation via factory method failed; nested exception is org.springframework.beans.BeanInstantiationException: Failed to instantiate [com.zaxxer.hikari.HikariDataSource]: Factory method 'dataSource' threw exception; nested exception is org.springframework.boot.autoconfigure.jdbc.DataSourceProperties$DataSourceBeanCreationException: Failed to determine a suitable driver class
	at org.springframework.beans.factory.support.ConstructorResolver.instantiate(ConstructorResolver.java:658) ~[spring-beans-5.3.8.jar:5.3.8]
	at org.springframework.beans.factory.support.ConstructorResolver.instantiateUsingFactoryMethod(ConstructorResolver.java:638) ~[spring-beans-5.3.8.jar:5.3.8]
	at org.springframework.beans.factory.support.AbstractAutowireCapableBeanFactory.instantiateUsingFactoryMethod(AbstractAutowireCapableBeanFactory.java:1334) ~[spring-beans-5.3.8.jar:5.3.8]
	at org.springframework.beans.factory.support.AbstractAutowireCapableBeanFactory.createBeanInstance(AbstractAutowireCapableBeanFactory.java:1177) ~[spring-beans-5.3.8.jar:5.3.8]
	at org.springframework.beans.factory.support.AbstractAutowireCapableBeanFactory.doCreateBean(AbstractAutowireCapableBeanFactory.java:564) ~[spring-beans-5.3.8.jar:5.3.8]
	at org.springframework.beans.factory.support.AbstractAutowireCapableBeanFactory.createBean(AbstractAutowireCapableBeanFactory.java:524) ~[spring-beans-5.3.8.jar:5.3.8]
	at org.springframework.beans.factory.support.AbstractBeanFactory.lambda$doGetBean$0(AbstractBeanFactory.java:335) ~[spring-beans-5.3.8.jar:5.3.8]
	at org.springframework.beans.factory.support.DefaultSingletonBeanRegistry.getSingleton(DefaultSingletonBeanRegistry.java:234) ~[spring-beans-5.3.8.jar:5.3.8]
	at org.springframework.beans.factory.support.AbstractBeanFactory.doGetBean(AbstractBeanFactory.java:333) ~[spring-beans-5.3.8.jar:5.3.8]
	at org.springframework.beans.factory.support.AbstractBeanFactory.getBean(AbstractBeanFactory.java:208) ~[spring-beans-5.3.8.jar:5.3.8]
	at org.springframework.beans.factory.config.DependencyDescriptor.resolveCandidate(DependencyDescriptor.java:276) ~[spring-beans-5.3.8.jar:5.3.8]
	at org.springframework.beans.factory.support.DefaultListableBeanFactory.doResolveDependency(DefaultListableBeanFactory.java:1380) ~[spring-beans-5.3.8.jar:5.3.8]
	at org.springframework.beans.factory.support.DefaultListableBeanFactory$DependencyObjectProvider.getIfUnique(DefaultListableBeanFactory.java:2063) ~[spring-beans-5.3.8.jar:5.3.8]
	at org.springframework.boot.autoconfigure.liquibase.LiquibaseAutoConfiguration$LiquibaseConfiguration.liquibase(LiquibaseAutoConfiguration.java:92) ~[spring-boot-autoconfigure-2.5.2.jar:2.5.2]
	at java.base/jdk.internal.reflect.NativeMethodAccessorImpl.invoke0(Native Method) ~[na:na]
	at java.base/jdk.internal.reflect.NativeMethodAccessorImpl.invoke(NativeMethodAccessorImpl.java:78) ~[na:na]
	at java.base/jdk.internal.reflect.DelegatingMethodAccessorImpl.invoke(DelegatingMethodAccessorImpl.java:43) ~[na:na]
	at java.base/java.lang.reflect.Method.invoke(Method.java:567) ~[na:na]
	at org.springframework.beans.factory.support.SimpleInstantiationStrategy.instantiate(SimpleInstantiationStrategy.java:154) ~[spring-beans-5.3.8.jar:5.3.8]
	... 88 common frames omitted
Caused by: org.springframework.beans.BeanInstantiationException: Failed to instantiate [com.zaxxer.hikari.HikariDataSource]: Factory method 'dataSource' threw exception; nested exception is org.springframework.boot.autoconfigure.jdbc.DataSourceProperties$DataSourceBeanCreationException: Failed to determine a suitable driver class
	at org.springframework.beans.factory.support.SimpleInstantiationStrategy.instantiate(SimpleInstantiationStrategy.java:185) ~[spring-beans-5.3.8.jar:5.3.8]
	at org.springframework.beans.factory.support.ConstructorResolver.instantiate(ConstructorResolver.java:653) ~[spring-beans-5.3.8.jar:5.3.8]
	... 106 common frames omitted
Caused by: org.springframework.boot.autoconfigure.jdbc.DataSourceProperties$DataSourceBeanCreationException: Failed to determine a suitable driver class
	at org.springframework.boot.autoconfigure.jdbc.DataSourceProperties.determineDriverClassName(DataSourceProperties.java:253) ~[spring-boot-autoconfigure-2.5.2.jar:2.5.2]
	at org.springframework.boot.autoconfigure.jdbc.DataSourceProperties.initializeDataSourceBuilder(DataSourceProperties.java:194) ~[spring-boot-autoconfigure-2.5.2.jar:2.5.2]
	at org.springframework.boot.autoconfigure.jdbc.DataSourceConfiguration.createDataSource(DataSourceConfiguration.java:48) ~[spring-boot-autoconfigure-2.5.2.jar:2.5.2]
	at org.springframework.boot.autoconfigure.jdbc.DataSourceConfiguration$Hikari.dataSource(DataSourceConfiguration.java:90) ~[spring-boot-autoconfigure-2.5.2.jar:2.5.2]
	at java.base/jdk.internal.reflect.NativeMethodAccessorImpl.invoke0(Native Method) ~[na:na]
	at java.base/jdk.internal.reflect.NativeMethodAccessorImpl.invoke(NativeMethodAccessorImpl.java:78) ~[na:na]
	at java.base/jdk.internal.reflect.DelegatingMethodAccessorImpl.invoke(DelegatingMethodAccessorImpl.java:43) ~[na:na]
	at java.base/java.lang.reflect.Method.invoke(Method.java:567) ~[na:na]
	at org.springframework.beans.factory.support.SimpleInstantiationStrategy.instantiate(SimpleInstantiationStrategy.java:154) ~[spring-beans-5.3.8.jar:5.3.8]
	... 107 common frames omitted

]]></system-out>
  </testcase>
</testsuite>